#! /usr/local/bin/vvp
:ivl_version "13.0 (devel)" "(s20221226-126-gb210eb826)";
:ivl_delay_selection "TYPICAL";
:vpi_time_precision + 0;
:vpi_module "/usr/local/lib/ivl/system.vpi";
:vpi_module "/usr/local/lib/ivl/vhdl_sys.vpi";
:vpi_module "/usr/local/lib/ivl/vhdl_textio.vpi";
:vpi_module "/usr/local/lib/ivl/v2005_math.vpi";
:vpi_module "/usr/local/lib/ivl/va_math.vpi";
S_0x55b29b3fa4e0 .scope module, "Concatena1Zero" "Concatena1Zero" 2 1;
 .timescale 0 0;
    .port_info 0 /INPUT 2 "Entrada";
    .port_info 1 /OUTPUT 3 "Saida";
o0x7fdfe921b018 .functor BUFZ 2, C4<zz>; HiZ drive
v0x55b29b487040_0 .net "Entrada", 1 0, o0x7fdfe921b018;  0 drivers
v0x55b29b4a1250_0 .net "Saida", 2 0, L_0x55b29b4da910;  1 drivers
L_0x7fdfe91d2018 .functor BUFT 1, C4<0>, C4<0>, C4<0>, C4<0>;
v0x55b29b4a50c0_0 .net/2u *"_ivl_0", 0 0, L_0x7fdfe91d2018;  1 drivers
L_0x55b29b4da910 .concat [ 2 1 0 0], o0x7fdfe921b018, L_0x7fdfe91d2018;
S_0x55b29b49cc70 .scope module, "testenrisc" "testenrisc" 3 1;
 .timescale 0 0;
v0x55b29b4da4a0_0 .var "Clock", 0 0;
v0x55b29b4da560_0 .net "EscrevMem", 0 0, v0x55b29b4cbcb0_0;  1 drivers
v0x55b29b4da620_0 .net "LerMem", 0 0, v0x55b29b4cc0d0_0;  1 drivers
v0x55b29b4da6c0_0 .net "from_mem", 7 0, v0x55b29b4c8ec0_0;  1 drivers
v0x55b29b4da760_0 .net "saida1", 7 0, v0x55b29b4c9dc0_0;  1 drivers
v0x55b29b4da850_0 .net "saida2", 7 0, v0x55b29b4c9e80_0;  1 drivers
S_0x55b29b4c55e0 .scope module, "MEM" "DataMEM" 3 14, 4 2 0, S_0x55b29b49cc70;
 .timescale 0 0;
    .port_info 0 /INPUT 1 "leitura";
    .port_info 1 /INPUT 1 "escrita";
    .port_info 2 /INPUT 8 "endereco";
    .port_info 3 /INPUT 8 "entrada";
    .port_info 4 /OUTPUT 8 "saida";
    .port_info 5 /INPUT 1 "clock";
v0x55b29b4c60c0 .array "DataMem", 0 255, 7 0;
v0x55b29b4c89b0_0 .net "clock", 0 0, v0x55b29b4da4a0_0;  1 drivers
v0x55b29b4c8a70_0 .var/i "count", 31 0;
v0x55b29b4c8b30_0 .net "endereco", 7 0, v0x55b29b4c9dc0_0;  alias, 1 drivers
v0x55b29b4c8c10_0 .net "entrada", 7 0, v0x55b29b4c9e80_0;  alias, 1 drivers
v0x55b29b4c8d40_0 .net "escrita", 0 0, v0x55b29b4cbcb0_0;  alias, 1 drivers
v0x55b29b4c8e00_0 .net "leitura", 0 0, v0x55b29b4cc0d0_0;  alias, 1 drivers
v0x55b29b4c8ec0_0 .var "saida", 7 0;
v0x55b29b4c60c0_0 .array/port v0x55b29b4c60c0, 0;
v0x55b29b4c60c0_1 .array/port v0x55b29b4c60c0, 1;
E_0x55b29b443810/0 .event anyedge, v0x55b29b4c8e00_0, v0x55b29b4c8b30_0, v0x55b29b4c60c0_0, v0x55b29b4c60c0_1;
v0x55b29b4c60c0_2 .array/port v0x55b29b4c60c0, 2;
v0x55b29b4c60c0_3 .array/port v0x55b29b4c60c0, 3;
v0x55b29b4c60c0_4 .array/port v0x55b29b4c60c0, 4;
v0x55b29b4c60c0_5 .array/port v0x55b29b4c60c0, 5;
E_0x55b29b443810/1 .event anyedge, v0x55b29b4c60c0_2, v0x55b29b4c60c0_3, v0x55b29b4c60c0_4, v0x55b29b4c60c0_5;
v0x55b29b4c60c0_6 .array/port v0x55b29b4c60c0, 6;
v0x55b29b4c60c0_7 .array/port v0x55b29b4c60c0, 7;
v0x55b29b4c60c0_8 .array/port v0x55b29b4c60c0, 8;
v0x55b29b4c60c0_9 .array/port v0x55b29b4c60c0, 9;
E_0x55b29b443810/2 .event anyedge, v0x55b29b4c60c0_6, v0x55b29b4c60c0_7, v0x55b29b4c60c0_8, v0x55b29b4c60c0_9;
v0x55b29b4c60c0_10 .array/port v0x55b29b4c60c0, 10;
v0x55b29b4c60c0_11 .array/port v0x55b29b4c60c0, 11;
v0x55b29b4c60c0_12 .array/port v0x55b29b4c60c0, 12;
v0x55b29b4c60c0_13 .array/port v0x55b29b4c60c0, 13;
E_0x55b29b443810/3 .event anyedge, v0x55b29b4c60c0_10, v0x55b29b4c60c0_11, v0x55b29b4c60c0_12, v0x55b29b4c60c0_13;
v0x55b29b4c60c0_14 .array/port v0x55b29b4c60c0, 14;
v0x55b29b4c60c0_15 .array/port v0x55b29b4c60c0, 15;
v0x55b29b4c60c0_16 .array/port v0x55b29b4c60c0, 16;
v0x55b29b4c60c0_17 .array/port v0x55b29b4c60c0, 17;
E_0x55b29b443810/4 .event anyedge, v0x55b29b4c60c0_14, v0x55b29b4c60c0_15, v0x55b29b4c60c0_16, v0x55b29b4c60c0_17;
v0x55b29b4c60c0_18 .array/port v0x55b29b4c60c0, 18;
v0x55b29b4c60c0_19 .array/port v0x55b29b4c60c0, 19;
v0x55b29b4c60c0_20 .array/port v0x55b29b4c60c0, 20;
v0x55b29b4c60c0_21 .array/port v0x55b29b4c60c0, 21;
E_0x55b29b443810/5 .event anyedge, v0x55b29b4c60c0_18, v0x55b29b4c60c0_19, v0x55b29b4c60c0_20, v0x55b29b4c60c0_21;
v0x55b29b4c60c0_22 .array/port v0x55b29b4c60c0, 22;
v0x55b29b4c60c0_23 .array/port v0x55b29b4c60c0, 23;
v0x55b29b4c60c0_24 .array/port v0x55b29b4c60c0, 24;
v0x55b29b4c60c0_25 .array/port v0x55b29b4c60c0, 25;
E_0x55b29b443810/6 .event anyedge, v0x55b29b4c60c0_22, v0x55b29b4c60c0_23, v0x55b29b4c60c0_24, v0x55b29b4c60c0_25;
v0x55b29b4c60c0_26 .array/port v0x55b29b4c60c0, 26;
v0x55b29b4c60c0_27 .array/port v0x55b29b4c60c0, 27;
v0x55b29b4c60c0_28 .array/port v0x55b29b4c60c0, 28;
v0x55b29b4c60c0_29 .array/port v0x55b29b4c60c0, 29;
E_0x55b29b443810/7 .event anyedge, v0x55b29b4c60c0_26, v0x55b29b4c60c0_27, v0x55b29b4c60c0_28, v0x55b29b4c60c0_29;
v0x55b29b4c60c0_30 .array/port v0x55b29b4c60c0, 30;
v0x55b29b4c60c0_31 .array/port v0x55b29b4c60c0, 31;
v0x55b29b4c60c0_32 .array/port v0x55b29b4c60c0, 32;
v0x55b29b4c60c0_33 .array/port v0x55b29b4c60c0, 33;
E_0x55b29b443810/8 .event anyedge, v0x55b29b4c60c0_30, v0x55b29b4c60c0_31, v0x55b29b4c60c0_32, v0x55b29b4c60c0_33;
v0x55b29b4c60c0_34 .array/port v0x55b29b4c60c0, 34;
v0x55b29b4c60c0_35 .array/port v0x55b29b4c60c0, 35;
v0x55b29b4c60c0_36 .array/port v0x55b29b4c60c0, 36;
v0x55b29b4c60c0_37 .array/port v0x55b29b4c60c0, 37;
E_0x55b29b443810/9 .event anyedge, v0x55b29b4c60c0_34, v0x55b29b4c60c0_35, v0x55b29b4c60c0_36, v0x55b29b4c60c0_37;
v0x55b29b4c60c0_38 .array/port v0x55b29b4c60c0, 38;
v0x55b29b4c60c0_39 .array/port v0x55b29b4c60c0, 39;
v0x55b29b4c60c0_40 .array/port v0x55b29b4c60c0, 40;
v0x55b29b4c60c0_41 .array/port v0x55b29b4c60c0, 41;
E_0x55b29b443810/10 .event anyedge, v0x55b29b4c60c0_38, v0x55b29b4c60c0_39, v0x55b29b4c60c0_40, v0x55b29b4c60c0_41;
v0x55b29b4c60c0_42 .array/port v0x55b29b4c60c0, 42;
v0x55b29b4c60c0_43 .array/port v0x55b29b4c60c0, 43;
v0x55b29b4c60c0_44 .array/port v0x55b29b4c60c0, 44;
v0x55b29b4c60c0_45 .array/port v0x55b29b4c60c0, 45;
E_0x55b29b443810/11 .event anyedge, v0x55b29b4c60c0_42, v0x55b29b4c60c0_43, v0x55b29b4c60c0_44, v0x55b29b4c60c0_45;
v0x55b29b4c60c0_46 .array/port v0x55b29b4c60c0, 46;
v0x55b29b4c60c0_47 .array/port v0x55b29b4c60c0, 47;
v0x55b29b4c60c0_48 .array/port v0x55b29b4c60c0, 48;
v0x55b29b4c60c0_49 .array/port v0x55b29b4c60c0, 49;
E_0x55b29b443810/12 .event anyedge, v0x55b29b4c60c0_46, v0x55b29b4c60c0_47, v0x55b29b4c60c0_48, v0x55b29b4c60c0_49;
v0x55b29b4c60c0_50 .array/port v0x55b29b4c60c0, 50;
v0x55b29b4c60c0_51 .array/port v0x55b29b4c60c0, 51;
v0x55b29b4c60c0_52 .array/port v0x55b29b4c60c0, 52;
v0x55b29b4c60c0_53 .array/port v0x55b29b4c60c0, 53;
E_0x55b29b443810/13 .event anyedge, v0x55b29b4c60c0_50, v0x55b29b4c60c0_51, v0x55b29b4c60c0_52, v0x55b29b4c60c0_53;
v0x55b29b4c60c0_54 .array/port v0x55b29b4c60c0, 54;
v0x55b29b4c60c0_55 .array/port v0x55b29b4c60c0, 55;
v0x55b29b4c60c0_56 .array/port v0x55b29b4c60c0, 56;
v0x55b29b4c60c0_57 .array/port v0x55b29b4c60c0, 57;
E_0x55b29b443810/14 .event anyedge, v0x55b29b4c60c0_54, v0x55b29b4c60c0_55, v0x55b29b4c60c0_56, v0x55b29b4c60c0_57;
v0x55b29b4c60c0_58 .array/port v0x55b29b4c60c0, 58;
v0x55b29b4c60c0_59 .array/port v0x55b29b4c60c0, 59;
v0x55b29b4c60c0_60 .array/port v0x55b29b4c60c0, 60;
v0x55b29b4c60c0_61 .array/port v0x55b29b4c60c0, 61;
E_0x55b29b443810/15 .event anyedge, v0x55b29b4c60c0_58, v0x55b29b4c60c0_59, v0x55b29b4c60c0_60, v0x55b29b4c60c0_61;
v0x55b29b4c60c0_62 .array/port v0x55b29b4c60c0, 62;
v0x55b29b4c60c0_63 .array/port v0x55b29b4c60c0, 63;
v0x55b29b4c60c0_64 .array/port v0x55b29b4c60c0, 64;
v0x55b29b4c60c0_65 .array/port v0x55b29b4c60c0, 65;
E_0x55b29b443810/16 .event anyedge, v0x55b29b4c60c0_62, v0x55b29b4c60c0_63, v0x55b29b4c60c0_64, v0x55b29b4c60c0_65;
v0x55b29b4c60c0_66 .array/port v0x55b29b4c60c0, 66;
v0x55b29b4c60c0_67 .array/port v0x55b29b4c60c0, 67;
v0x55b29b4c60c0_68 .array/port v0x55b29b4c60c0, 68;
v0x55b29b4c60c0_69 .array/port v0x55b29b4c60c0, 69;
E_0x55b29b443810/17 .event anyedge, v0x55b29b4c60c0_66, v0x55b29b4c60c0_67, v0x55b29b4c60c0_68, v0x55b29b4c60c0_69;
v0x55b29b4c60c0_70 .array/port v0x55b29b4c60c0, 70;
v0x55b29b4c60c0_71 .array/port v0x55b29b4c60c0, 71;
v0x55b29b4c60c0_72 .array/port v0x55b29b4c60c0, 72;
v0x55b29b4c60c0_73 .array/port v0x55b29b4c60c0, 73;
E_0x55b29b443810/18 .event anyedge, v0x55b29b4c60c0_70, v0x55b29b4c60c0_71, v0x55b29b4c60c0_72, v0x55b29b4c60c0_73;
v0x55b29b4c60c0_74 .array/port v0x55b29b4c60c0, 74;
v0x55b29b4c60c0_75 .array/port v0x55b29b4c60c0, 75;
v0x55b29b4c60c0_76 .array/port v0x55b29b4c60c0, 76;
v0x55b29b4c60c0_77 .array/port v0x55b29b4c60c0, 77;
E_0x55b29b443810/19 .event anyedge, v0x55b29b4c60c0_74, v0x55b29b4c60c0_75, v0x55b29b4c60c0_76, v0x55b29b4c60c0_77;
v0x55b29b4c60c0_78 .array/port v0x55b29b4c60c0, 78;
v0x55b29b4c60c0_79 .array/port v0x55b29b4c60c0, 79;
v0x55b29b4c60c0_80 .array/port v0x55b29b4c60c0, 80;
v0x55b29b4c60c0_81 .array/port v0x55b29b4c60c0, 81;
E_0x55b29b443810/20 .event anyedge, v0x55b29b4c60c0_78, v0x55b29b4c60c0_79, v0x55b29b4c60c0_80, v0x55b29b4c60c0_81;
v0x55b29b4c60c0_82 .array/port v0x55b29b4c60c0, 82;
v0x55b29b4c60c0_83 .array/port v0x55b29b4c60c0, 83;
v0x55b29b4c60c0_84 .array/port v0x55b29b4c60c0, 84;
v0x55b29b4c60c0_85 .array/port v0x55b29b4c60c0, 85;
E_0x55b29b443810/21 .event anyedge, v0x55b29b4c60c0_82, v0x55b29b4c60c0_83, v0x55b29b4c60c0_84, v0x55b29b4c60c0_85;
v0x55b29b4c60c0_86 .array/port v0x55b29b4c60c0, 86;
v0x55b29b4c60c0_87 .array/port v0x55b29b4c60c0, 87;
v0x55b29b4c60c0_88 .array/port v0x55b29b4c60c0, 88;
v0x55b29b4c60c0_89 .array/port v0x55b29b4c60c0, 89;
E_0x55b29b443810/22 .event anyedge, v0x55b29b4c60c0_86, v0x55b29b4c60c0_87, v0x55b29b4c60c0_88, v0x55b29b4c60c0_89;
v0x55b29b4c60c0_90 .array/port v0x55b29b4c60c0, 90;
v0x55b29b4c60c0_91 .array/port v0x55b29b4c60c0, 91;
v0x55b29b4c60c0_92 .array/port v0x55b29b4c60c0, 92;
v0x55b29b4c60c0_93 .array/port v0x55b29b4c60c0, 93;
E_0x55b29b443810/23 .event anyedge, v0x55b29b4c60c0_90, v0x55b29b4c60c0_91, v0x55b29b4c60c0_92, v0x55b29b4c60c0_93;
v0x55b29b4c60c0_94 .array/port v0x55b29b4c60c0, 94;
v0x55b29b4c60c0_95 .array/port v0x55b29b4c60c0, 95;
v0x55b29b4c60c0_96 .array/port v0x55b29b4c60c0, 96;
v0x55b29b4c60c0_97 .array/port v0x55b29b4c60c0, 97;
E_0x55b29b443810/24 .event anyedge, v0x55b29b4c60c0_94, v0x55b29b4c60c0_95, v0x55b29b4c60c0_96, v0x55b29b4c60c0_97;
v0x55b29b4c60c0_98 .array/port v0x55b29b4c60c0, 98;
v0x55b29b4c60c0_99 .array/port v0x55b29b4c60c0, 99;
v0x55b29b4c60c0_100 .array/port v0x55b29b4c60c0, 100;
v0x55b29b4c60c0_101 .array/port v0x55b29b4c60c0, 101;
E_0x55b29b443810/25 .event anyedge, v0x55b29b4c60c0_98, v0x55b29b4c60c0_99, v0x55b29b4c60c0_100, v0x55b29b4c60c0_101;
v0x55b29b4c60c0_102 .array/port v0x55b29b4c60c0, 102;
v0x55b29b4c60c0_103 .array/port v0x55b29b4c60c0, 103;
v0x55b29b4c60c0_104 .array/port v0x55b29b4c60c0, 104;
v0x55b29b4c60c0_105 .array/port v0x55b29b4c60c0, 105;
E_0x55b29b443810/26 .event anyedge, v0x55b29b4c60c0_102, v0x55b29b4c60c0_103, v0x55b29b4c60c0_104, v0x55b29b4c60c0_105;
v0x55b29b4c60c0_106 .array/port v0x55b29b4c60c0, 106;
v0x55b29b4c60c0_107 .array/port v0x55b29b4c60c0, 107;
v0x55b29b4c60c0_108 .array/port v0x55b29b4c60c0, 108;
v0x55b29b4c60c0_109 .array/port v0x55b29b4c60c0, 109;
E_0x55b29b443810/27 .event anyedge, v0x55b29b4c60c0_106, v0x55b29b4c60c0_107, v0x55b29b4c60c0_108, v0x55b29b4c60c0_109;
v0x55b29b4c60c0_110 .array/port v0x55b29b4c60c0, 110;
v0x55b29b4c60c0_111 .array/port v0x55b29b4c60c0, 111;
v0x55b29b4c60c0_112 .array/port v0x55b29b4c60c0, 112;
v0x55b29b4c60c0_113 .array/port v0x55b29b4c60c0, 113;
E_0x55b29b443810/28 .event anyedge, v0x55b29b4c60c0_110, v0x55b29b4c60c0_111, v0x55b29b4c60c0_112, v0x55b29b4c60c0_113;
v0x55b29b4c60c0_114 .array/port v0x55b29b4c60c0, 114;
v0x55b29b4c60c0_115 .array/port v0x55b29b4c60c0, 115;
v0x55b29b4c60c0_116 .array/port v0x55b29b4c60c0, 116;
v0x55b29b4c60c0_117 .array/port v0x55b29b4c60c0, 117;
E_0x55b29b443810/29 .event anyedge, v0x55b29b4c60c0_114, v0x55b29b4c60c0_115, v0x55b29b4c60c0_116, v0x55b29b4c60c0_117;
v0x55b29b4c60c0_118 .array/port v0x55b29b4c60c0, 118;
v0x55b29b4c60c0_119 .array/port v0x55b29b4c60c0, 119;
v0x55b29b4c60c0_120 .array/port v0x55b29b4c60c0, 120;
v0x55b29b4c60c0_121 .array/port v0x55b29b4c60c0, 121;
E_0x55b29b443810/30 .event anyedge, v0x55b29b4c60c0_118, v0x55b29b4c60c0_119, v0x55b29b4c60c0_120, v0x55b29b4c60c0_121;
v0x55b29b4c60c0_122 .array/port v0x55b29b4c60c0, 122;
v0x55b29b4c60c0_123 .array/port v0x55b29b4c60c0, 123;
v0x55b29b4c60c0_124 .array/port v0x55b29b4c60c0, 124;
v0x55b29b4c60c0_125 .array/port v0x55b29b4c60c0, 125;
E_0x55b29b443810/31 .event anyedge, v0x55b29b4c60c0_122, v0x55b29b4c60c0_123, v0x55b29b4c60c0_124, v0x55b29b4c60c0_125;
v0x55b29b4c60c0_126 .array/port v0x55b29b4c60c0, 126;
v0x55b29b4c60c0_127 .array/port v0x55b29b4c60c0, 127;
v0x55b29b4c60c0_128 .array/port v0x55b29b4c60c0, 128;
v0x55b29b4c60c0_129 .array/port v0x55b29b4c60c0, 129;
E_0x55b29b443810/32 .event anyedge, v0x55b29b4c60c0_126, v0x55b29b4c60c0_127, v0x55b29b4c60c0_128, v0x55b29b4c60c0_129;
v0x55b29b4c60c0_130 .array/port v0x55b29b4c60c0, 130;
v0x55b29b4c60c0_131 .array/port v0x55b29b4c60c0, 131;
v0x55b29b4c60c0_132 .array/port v0x55b29b4c60c0, 132;
v0x55b29b4c60c0_133 .array/port v0x55b29b4c60c0, 133;
E_0x55b29b443810/33 .event anyedge, v0x55b29b4c60c0_130, v0x55b29b4c60c0_131, v0x55b29b4c60c0_132, v0x55b29b4c60c0_133;
v0x55b29b4c60c0_134 .array/port v0x55b29b4c60c0, 134;
v0x55b29b4c60c0_135 .array/port v0x55b29b4c60c0, 135;
v0x55b29b4c60c0_136 .array/port v0x55b29b4c60c0, 136;
v0x55b29b4c60c0_137 .array/port v0x55b29b4c60c0, 137;
E_0x55b29b443810/34 .event anyedge, v0x55b29b4c60c0_134, v0x55b29b4c60c0_135, v0x55b29b4c60c0_136, v0x55b29b4c60c0_137;
v0x55b29b4c60c0_138 .array/port v0x55b29b4c60c0, 138;
v0x55b29b4c60c0_139 .array/port v0x55b29b4c60c0, 139;
v0x55b29b4c60c0_140 .array/port v0x55b29b4c60c0, 140;
v0x55b29b4c60c0_141 .array/port v0x55b29b4c60c0, 141;
E_0x55b29b443810/35 .event anyedge, v0x55b29b4c60c0_138, v0x55b29b4c60c0_139, v0x55b29b4c60c0_140, v0x55b29b4c60c0_141;
v0x55b29b4c60c0_142 .array/port v0x55b29b4c60c0, 142;
v0x55b29b4c60c0_143 .array/port v0x55b29b4c60c0, 143;
v0x55b29b4c60c0_144 .array/port v0x55b29b4c60c0, 144;
v0x55b29b4c60c0_145 .array/port v0x55b29b4c60c0, 145;
E_0x55b29b443810/36 .event anyedge, v0x55b29b4c60c0_142, v0x55b29b4c60c0_143, v0x55b29b4c60c0_144, v0x55b29b4c60c0_145;
v0x55b29b4c60c0_146 .array/port v0x55b29b4c60c0, 146;
v0x55b29b4c60c0_147 .array/port v0x55b29b4c60c0, 147;
v0x55b29b4c60c0_148 .array/port v0x55b29b4c60c0, 148;
v0x55b29b4c60c0_149 .array/port v0x55b29b4c60c0, 149;
E_0x55b29b443810/37 .event anyedge, v0x55b29b4c60c0_146, v0x55b29b4c60c0_147, v0x55b29b4c60c0_148, v0x55b29b4c60c0_149;
v0x55b29b4c60c0_150 .array/port v0x55b29b4c60c0, 150;
v0x55b29b4c60c0_151 .array/port v0x55b29b4c60c0, 151;
v0x55b29b4c60c0_152 .array/port v0x55b29b4c60c0, 152;
v0x55b29b4c60c0_153 .array/port v0x55b29b4c60c0, 153;
E_0x55b29b443810/38 .event anyedge, v0x55b29b4c60c0_150, v0x55b29b4c60c0_151, v0x55b29b4c60c0_152, v0x55b29b4c60c0_153;
v0x55b29b4c60c0_154 .array/port v0x55b29b4c60c0, 154;
v0x55b29b4c60c0_155 .array/port v0x55b29b4c60c0, 155;
v0x55b29b4c60c0_156 .array/port v0x55b29b4c60c0, 156;
v0x55b29b4c60c0_157 .array/port v0x55b29b4c60c0, 157;
E_0x55b29b443810/39 .event anyedge, v0x55b29b4c60c0_154, v0x55b29b4c60c0_155, v0x55b29b4c60c0_156, v0x55b29b4c60c0_157;
v0x55b29b4c60c0_158 .array/port v0x55b29b4c60c0, 158;
v0x55b29b4c60c0_159 .array/port v0x55b29b4c60c0, 159;
v0x55b29b4c60c0_160 .array/port v0x55b29b4c60c0, 160;
v0x55b29b4c60c0_161 .array/port v0x55b29b4c60c0, 161;
E_0x55b29b443810/40 .event anyedge, v0x55b29b4c60c0_158, v0x55b29b4c60c0_159, v0x55b29b4c60c0_160, v0x55b29b4c60c0_161;
v0x55b29b4c60c0_162 .array/port v0x55b29b4c60c0, 162;
v0x55b29b4c60c0_163 .array/port v0x55b29b4c60c0, 163;
v0x55b29b4c60c0_164 .array/port v0x55b29b4c60c0, 164;
v0x55b29b4c60c0_165 .array/port v0x55b29b4c60c0, 165;
E_0x55b29b443810/41 .event anyedge, v0x55b29b4c60c0_162, v0x55b29b4c60c0_163, v0x55b29b4c60c0_164, v0x55b29b4c60c0_165;
v0x55b29b4c60c0_166 .array/port v0x55b29b4c60c0, 166;
v0x55b29b4c60c0_167 .array/port v0x55b29b4c60c0, 167;
v0x55b29b4c60c0_168 .array/port v0x55b29b4c60c0, 168;
v0x55b29b4c60c0_169 .array/port v0x55b29b4c60c0, 169;
E_0x55b29b443810/42 .event anyedge, v0x55b29b4c60c0_166, v0x55b29b4c60c0_167, v0x55b29b4c60c0_168, v0x55b29b4c60c0_169;
v0x55b29b4c60c0_170 .array/port v0x55b29b4c60c0, 170;
v0x55b29b4c60c0_171 .array/port v0x55b29b4c60c0, 171;
v0x55b29b4c60c0_172 .array/port v0x55b29b4c60c0, 172;
v0x55b29b4c60c0_173 .array/port v0x55b29b4c60c0, 173;
E_0x55b29b443810/43 .event anyedge, v0x55b29b4c60c0_170, v0x55b29b4c60c0_171, v0x55b29b4c60c0_172, v0x55b29b4c60c0_173;
v0x55b29b4c60c0_174 .array/port v0x55b29b4c60c0, 174;
v0x55b29b4c60c0_175 .array/port v0x55b29b4c60c0, 175;
v0x55b29b4c60c0_176 .array/port v0x55b29b4c60c0, 176;
v0x55b29b4c60c0_177 .array/port v0x55b29b4c60c0, 177;
E_0x55b29b443810/44 .event anyedge, v0x55b29b4c60c0_174, v0x55b29b4c60c0_175, v0x55b29b4c60c0_176, v0x55b29b4c60c0_177;
v0x55b29b4c60c0_178 .array/port v0x55b29b4c60c0, 178;
v0x55b29b4c60c0_179 .array/port v0x55b29b4c60c0, 179;
v0x55b29b4c60c0_180 .array/port v0x55b29b4c60c0, 180;
v0x55b29b4c60c0_181 .array/port v0x55b29b4c60c0, 181;
E_0x55b29b443810/45 .event anyedge, v0x55b29b4c60c0_178, v0x55b29b4c60c0_179, v0x55b29b4c60c0_180, v0x55b29b4c60c0_181;
v0x55b29b4c60c0_182 .array/port v0x55b29b4c60c0, 182;
v0x55b29b4c60c0_183 .array/port v0x55b29b4c60c0, 183;
v0x55b29b4c60c0_184 .array/port v0x55b29b4c60c0, 184;
v0x55b29b4c60c0_185 .array/port v0x55b29b4c60c0, 185;
E_0x55b29b443810/46 .event anyedge, v0x55b29b4c60c0_182, v0x55b29b4c60c0_183, v0x55b29b4c60c0_184, v0x55b29b4c60c0_185;
v0x55b29b4c60c0_186 .array/port v0x55b29b4c60c0, 186;
v0x55b29b4c60c0_187 .array/port v0x55b29b4c60c0, 187;
v0x55b29b4c60c0_188 .array/port v0x55b29b4c60c0, 188;
v0x55b29b4c60c0_189 .array/port v0x55b29b4c60c0, 189;
E_0x55b29b443810/47 .event anyedge, v0x55b29b4c60c0_186, v0x55b29b4c60c0_187, v0x55b29b4c60c0_188, v0x55b29b4c60c0_189;
v0x55b29b4c60c0_190 .array/port v0x55b29b4c60c0, 190;
v0x55b29b4c60c0_191 .array/port v0x55b29b4c60c0, 191;
v0x55b29b4c60c0_192 .array/port v0x55b29b4c60c0, 192;
v0x55b29b4c60c0_193 .array/port v0x55b29b4c60c0, 193;
E_0x55b29b443810/48 .event anyedge, v0x55b29b4c60c0_190, v0x55b29b4c60c0_191, v0x55b29b4c60c0_192, v0x55b29b4c60c0_193;
v0x55b29b4c60c0_194 .array/port v0x55b29b4c60c0, 194;
v0x55b29b4c60c0_195 .array/port v0x55b29b4c60c0, 195;
v0x55b29b4c60c0_196 .array/port v0x55b29b4c60c0, 196;
v0x55b29b4c60c0_197 .array/port v0x55b29b4c60c0, 197;
E_0x55b29b443810/49 .event anyedge, v0x55b29b4c60c0_194, v0x55b29b4c60c0_195, v0x55b29b4c60c0_196, v0x55b29b4c60c0_197;
v0x55b29b4c60c0_198 .array/port v0x55b29b4c60c0, 198;
v0x55b29b4c60c0_199 .array/port v0x55b29b4c60c0, 199;
v0x55b29b4c60c0_200 .array/port v0x55b29b4c60c0, 200;
v0x55b29b4c60c0_201 .array/port v0x55b29b4c60c0, 201;
E_0x55b29b443810/50 .event anyedge, v0x55b29b4c60c0_198, v0x55b29b4c60c0_199, v0x55b29b4c60c0_200, v0x55b29b4c60c0_201;
v0x55b29b4c60c0_202 .array/port v0x55b29b4c60c0, 202;
v0x55b29b4c60c0_203 .array/port v0x55b29b4c60c0, 203;
v0x55b29b4c60c0_204 .array/port v0x55b29b4c60c0, 204;
v0x55b29b4c60c0_205 .array/port v0x55b29b4c60c0, 205;
E_0x55b29b443810/51 .event anyedge, v0x55b29b4c60c0_202, v0x55b29b4c60c0_203, v0x55b29b4c60c0_204, v0x55b29b4c60c0_205;
v0x55b29b4c60c0_206 .array/port v0x55b29b4c60c0, 206;
v0x55b29b4c60c0_207 .array/port v0x55b29b4c60c0, 207;
v0x55b29b4c60c0_208 .array/port v0x55b29b4c60c0, 208;
v0x55b29b4c60c0_209 .array/port v0x55b29b4c60c0, 209;
E_0x55b29b443810/52 .event anyedge, v0x55b29b4c60c0_206, v0x55b29b4c60c0_207, v0x55b29b4c60c0_208, v0x55b29b4c60c0_209;
v0x55b29b4c60c0_210 .array/port v0x55b29b4c60c0, 210;
v0x55b29b4c60c0_211 .array/port v0x55b29b4c60c0, 211;
v0x55b29b4c60c0_212 .array/port v0x55b29b4c60c0, 212;
v0x55b29b4c60c0_213 .array/port v0x55b29b4c60c0, 213;
E_0x55b29b443810/53 .event anyedge, v0x55b29b4c60c0_210, v0x55b29b4c60c0_211, v0x55b29b4c60c0_212, v0x55b29b4c60c0_213;
v0x55b29b4c60c0_214 .array/port v0x55b29b4c60c0, 214;
v0x55b29b4c60c0_215 .array/port v0x55b29b4c60c0, 215;
v0x55b29b4c60c0_216 .array/port v0x55b29b4c60c0, 216;
v0x55b29b4c60c0_217 .array/port v0x55b29b4c60c0, 217;
E_0x55b29b443810/54 .event anyedge, v0x55b29b4c60c0_214, v0x55b29b4c60c0_215, v0x55b29b4c60c0_216, v0x55b29b4c60c0_217;
v0x55b29b4c60c0_218 .array/port v0x55b29b4c60c0, 218;
v0x55b29b4c60c0_219 .array/port v0x55b29b4c60c0, 219;
v0x55b29b4c60c0_220 .array/port v0x55b29b4c60c0, 220;
v0x55b29b4c60c0_221 .array/port v0x55b29b4c60c0, 221;
E_0x55b29b443810/55 .event anyedge, v0x55b29b4c60c0_218, v0x55b29b4c60c0_219, v0x55b29b4c60c0_220, v0x55b29b4c60c0_221;
v0x55b29b4c60c0_222 .array/port v0x55b29b4c60c0, 222;
v0x55b29b4c60c0_223 .array/port v0x55b29b4c60c0, 223;
v0x55b29b4c60c0_224 .array/port v0x55b29b4c60c0, 224;
v0x55b29b4c60c0_225 .array/port v0x55b29b4c60c0, 225;
E_0x55b29b443810/56 .event anyedge, v0x55b29b4c60c0_222, v0x55b29b4c60c0_223, v0x55b29b4c60c0_224, v0x55b29b4c60c0_225;
v0x55b29b4c60c0_226 .array/port v0x55b29b4c60c0, 226;
v0x55b29b4c60c0_227 .array/port v0x55b29b4c60c0, 227;
v0x55b29b4c60c0_228 .array/port v0x55b29b4c60c0, 228;
v0x55b29b4c60c0_229 .array/port v0x55b29b4c60c0, 229;
E_0x55b29b443810/57 .event anyedge, v0x55b29b4c60c0_226, v0x55b29b4c60c0_227, v0x55b29b4c60c0_228, v0x55b29b4c60c0_229;
v0x55b29b4c60c0_230 .array/port v0x55b29b4c60c0, 230;
v0x55b29b4c60c0_231 .array/port v0x55b29b4c60c0, 231;
v0x55b29b4c60c0_232 .array/port v0x55b29b4c60c0, 232;
v0x55b29b4c60c0_233 .array/port v0x55b29b4c60c0, 233;
E_0x55b29b443810/58 .event anyedge, v0x55b29b4c60c0_230, v0x55b29b4c60c0_231, v0x55b29b4c60c0_232, v0x55b29b4c60c0_233;
v0x55b29b4c60c0_234 .array/port v0x55b29b4c60c0, 234;
v0x55b29b4c60c0_235 .array/port v0x55b29b4c60c0, 235;
v0x55b29b4c60c0_236 .array/port v0x55b29b4c60c0, 236;
v0x55b29b4c60c0_237 .array/port v0x55b29b4c60c0, 237;
E_0x55b29b443810/59 .event anyedge, v0x55b29b4c60c0_234, v0x55b29b4c60c0_235, v0x55b29b4c60c0_236, v0x55b29b4c60c0_237;
v0x55b29b4c60c0_238 .array/port v0x55b29b4c60c0, 238;
v0x55b29b4c60c0_239 .array/port v0x55b29b4c60c0, 239;
v0x55b29b4c60c0_240 .array/port v0x55b29b4c60c0, 240;
v0x55b29b4c60c0_241 .array/port v0x55b29b4c60c0, 241;
E_0x55b29b443810/60 .event anyedge, v0x55b29b4c60c0_238, v0x55b29b4c60c0_239, v0x55b29b4c60c0_240, v0x55b29b4c60c0_241;
v0x55b29b4c60c0_242 .array/port v0x55b29b4c60c0, 242;
v0x55b29b4c60c0_243 .array/port v0x55b29b4c60c0, 243;
v0x55b29b4c60c0_244 .array/port v0x55b29b4c60c0, 244;
v0x55b29b4c60c0_245 .array/port v0x55b29b4c60c0, 245;
E_0x55b29b443810/61 .event anyedge, v0x55b29b4c60c0_242, v0x55b29b4c60c0_243, v0x55b29b4c60c0_244, v0x55b29b4c60c0_245;
v0x55b29b4c60c0_246 .array/port v0x55b29b4c60c0, 246;
v0x55b29b4c60c0_247 .array/port v0x55b29b4c60c0, 247;
v0x55b29b4c60c0_248 .array/port v0x55b29b4c60c0, 248;
v0x55b29b4c60c0_249 .array/port v0x55b29b4c60c0, 249;
E_0x55b29b443810/62 .event anyedge, v0x55b29b4c60c0_246, v0x55b29b4c60c0_247, v0x55b29b4c60c0_248, v0x55b29b4c60c0_249;
v0x55b29b4c60c0_250 .array/port v0x55b29b4c60c0, 250;
v0x55b29b4c60c0_251 .array/port v0x55b29b4c60c0, 251;
v0x55b29b4c60c0_252 .array/port v0x55b29b4c60c0, 252;
v0x55b29b4c60c0_253 .array/port v0x55b29b4c60c0, 253;
E_0x55b29b443810/63 .event anyedge, v0x55b29b4c60c0_250, v0x55b29b4c60c0_251, v0x55b29b4c60c0_252, v0x55b29b4c60c0_253;
v0x55b29b4c60c0_254 .array/port v0x55b29b4c60c0, 254;
v0x55b29b4c60c0_255 .array/port v0x55b29b4c60c0, 255;
E_0x55b29b443810/64 .event anyedge, v0x55b29b4c60c0_254, v0x55b29b4c60c0_255;
E_0x55b29b443810 .event/or E_0x55b29b443810/0, E_0x55b29b443810/1, E_0x55b29b443810/2, E_0x55b29b443810/3, E_0x55b29b443810/4, E_0x55b29b443810/5, E_0x55b29b443810/6, E_0x55b29b443810/7, E_0x55b29b443810/8, E_0x55b29b443810/9, E_0x55b29b443810/10, E_0x55b29b443810/11, E_0x55b29b443810/12, E_0x55b29b443810/13, E_0x55b29b443810/14, E_0x55b29b443810/15, E_0x55b29b443810/16, E_0x55b29b443810/17, E_0x55b29b443810/18, E_0x55b29b443810/19, E_0x55b29b443810/20, E_0x55b29b443810/21, E_0x55b29b443810/22, E_0x55b29b443810/23, E_0x55b29b443810/24, E_0x55b29b443810/25, E_0x55b29b443810/26, E_0x55b29b443810/27, E_0x55b29b443810/28, E_0x55b29b443810/29, E_0x55b29b443810/30, E_0x55b29b443810/31, E_0x55b29b443810/32, E_0x55b29b443810/33, E_0x55b29b443810/34, E_0x55b29b443810/35, E_0x55b29b443810/36, E_0x55b29b443810/37, E_0x55b29b443810/38, E_0x55b29b443810/39, E_0x55b29b443810/40, E_0x55b29b443810/41, E_0x55b29b443810/42, E_0x55b29b443810/43, E_0x55b29b443810/44, E_0x55b29b443810/45, E_0x55b29b443810/46, E_0x55b29b443810/47, E_0x55b29b443810/48, E_0x55b29b443810/49, E_0x55b29b443810/50, E_0x55b29b443810/51, E_0x55b29b443810/52, E_0x55b29b443810/53, E_0x55b29b443810/54, E_0x55b29b443810/55, E_0x55b29b443810/56, E_0x55b29b443810/57, E_0x55b29b443810/58, E_0x55b29b443810/59, E_0x55b29b443810/60, E_0x55b29b443810/61, E_0x55b29b443810/62, E_0x55b29b443810/63, E_0x55b29b443810/64;
E_0x55b29b444950 .event negedge, v0x55b29b4c89b0_0;
S_0x55b29b4c9060 .scope module, "dut" "nRisc" 3 11, 5 1 0, S_0x55b29b49cc70;
 .timescale 0 0;
    .port_info 0 /INPUT 1 "Clock";
    .port_info 1 /OUTPUT 8 "saida1";
    .port_info 2 /OUTPUT 8 "saida2";
    .port_info 3 /INPUT 8 "from_mem";
    .port_info 4 /OUTPUT 1 "LerMem";
    .port_info 5 /OUTPUT 1 "EscrevMem";
L_0x55b29b4dab40 .functor NOT 1, v0x55b29b4cbf70_0, C4<0>, C4<0>, C4<0>;
L_0x55b29b4dbdd0 .functor NOT 8, v0x55b29b4c9dc0_0, C4<00000000>, C4<00000000>, C4<00000000>;
v0x55b29b4d7da0_0 .net "Beqz", 0 0, v0x55b29b4cbb00_0;  1 drivers
v0x55b29b4d7e60_0 .net "Clock", 0 0, v0x55b29b4da4a0_0;  alias, 1 drivers
v0x55b29b4d8030_0 .net "Endereco_init_reg", 7 0, v0x55b29b4d3660_0;  1 drivers
v0x55b29b4d8150_0 .net "EscrevMem", 0 0, v0x55b29b4cbcb0_0;  alias, 1 drivers
v0x55b29b4d8240_0 .net "EscrevReg", 0 0, v0x55b29b4cbdb0_0;  1 drivers
v0x55b29b4d8380_0 .net "FonteUla", 1 0, v0x55b29b4cbe80_0;  1 drivers
v0x55b29b4d8420_0 .net "Halt", 0 0, v0x55b29b4cbf70_0;  1 drivers
v0x55b29b4d84c0_0 .net "Jump", 0 0, v0x55b29b4cc010_0;  1 drivers
v0x55b29b4d85b0_0 .net "LerMem", 0 0, v0x55b29b4cc0d0_0;  alias, 1 drivers
v0x55b29b4d8650_0 .net "Pc_p_halt", 7 0, v0x55b29b4d5c50_0;  1 drivers
v0x55b29b4d86f0_0 .net "UlaOp", 1 0, v0x55b29b4cc230_0;  1 drivers
v0x55b29b4d8800_0 .net "data_to_write", 7 0, v0x55b29b4d7190_0;  1 drivers
v0x55b29b4d8910_0 .net "from_mem", 7 0, v0x55b29b4c8ec0_0;  alias, 1 drivers
v0x55b29b4d8a20_0 .net "nRegConcat", 2 0, L_0x55b29b4db0a0;  1 drivers
v0x55b29b4d8ae0_0 .net "nRegDest", 2 0, v0x55b29b4d4540_0;  1 drivers
v0x55b29b4d8bf0_0 .net "nRegSub", 2 0, L_0x55b29b4daf60;  1 drivers
v0x55b29b4d8d00_0 .net "prox_pc", 7 0, L_0x55b29b4dad30;  1 drivers
v0x55b29b4d8f20_0 .net "r_70", 7 0, L_0x55b29b4dba60;  1 drivers
v0x55b29b4d9030_0 .net "r_a2mpc", 0 0, L_0x55b29b4dadd0;  1 drivers
v0x55b29b4d9120_0 .net "r_and3", 0 0, L_0x55b29b4dc0c0;  1 drivers
v0x55b29b4d9210_0 .net "r_inv", 7 0, v0x55b29b4d0d90_0;  1 drivers
v0x55b29b4d9320_0 .net "r_mem_ula", 7 0, v0x55b29b4d4c50_0;  1 drivers
v0x55b29b4d9430_0 .net "r_o2mpc", 0 0, L_0x55b29b4db580;  1 drivers
v0x55b29b4d9520_0 .net "r_or3", 0 0, L_0x55b29b4db6f0;  1 drivers
v0x55b29b4d9610_0 .net "r_ula", 7 0, v0x55b29b4d77f0_0;  1 drivers
v0x55b29b4d9720_0 .net "s_fix", 7 0, L_0x55b29b4dbd30;  1 drivers
v0x55b29b4d9830_0 .net "s_inf", 7 0, v0x55b29b4ccf20_0;  1 drivers
v0x55b29b4d9940_0 .net "s_p_inv", 7 0, v0x55b29b4d3e40_0;  1 drivers
v0x55b29b4d9a50_0 .net "s_pre1_pc", 7 0, v0x55b29b4d2f60_0;  1 drivers
v0x55b29b4d9b60_0 .net "s_sup", 7 0, v0x55b29b4d69c0_0;  1 drivers
v0x55b29b4d9c70_0 .net "s_sup_f", 7 0, v0x55b29b4d14a0_0;  1 drivers
v0x55b29b4d9d80_0 .net "saida1", 7 0, v0x55b29b4c9dc0_0;  alias, 1 drivers
v0x55b29b4d9e40_0 .net "saida2", 7 0, v0x55b29b4c9e80_0;  alias, 1 drivers
v0x55b29b4d9f00_0 .net "saida_inst", 7 0, v0x55b29b4d0910_0;  1 drivers
v0x55b29b4d9fc0_0 .net "saida_pc1", 7 0, v0x55b29b4d2940_0;  1 drivers
v0x55b29b4da060_0 .net "saida_pc2", 7 0, v0x55b29b4d2a30_0;  1 drivers
v0x55b29b4da120_0 .net "saidasub", 7 0, v0x55b29b4c9f20_0;  1 drivers
v0x55b29b4da230_0 .net "sinal_ext", 7 0, v0x55b29b4cc910_0;  1 drivers
v0x55b29b4da2f0_0 .net "zero", 0 0, v0x55b29b4d79a0_0;  1 drivers
L_0x55b29b4da9b0 .part v0x55b29b4d0910_0, 5, 3;
L_0x55b29b4daaa0 .part v0x55b29b4d0910_0, 0, 2;
L_0x55b29b4dac00 .part v0x55b29b4d0910_0, 2, 3;
L_0x55b29b4db000 .part v0x55b29b4d0910_0, 2, 3;
L_0x55b29b4db1d0 .part v0x55b29b4d0910_0, 0, 2;
L_0x55b29b4db270 .part v0x55b29b4d0910_0, 2, 3;
L_0x55b29b4db350 .part v0x55b29b4d0910_0, 7, 1;
L_0x55b29b4db3f0 .part v0x55b29b4d0910_0, 2, 3;
L_0x55b29b4db4e0 .part v0x55b29b4d0910_0, 5, 1;
L_0x55b29b4db760 .part v0x55b29b4d0910_0, 7, 1;
L_0x55b29b4db860 .part v0x55b29b4d0910_0, 6, 1;
L_0x55b29b4db900 .part v0x55b29b4d0910_0, 5, 1;
L_0x55b29b4dbb50 .part v0x55b29b4d4c50_0, 7, 1;
L_0x55b29b4dbfa0 .part v0x55b29b4d0910_0, 0, 1;
L_0x55b29b4dc180 .part v0x55b29b4d0910_0, 7, 1;
L_0x55b29b4dc480 .part v0x55b29b4d0910_0, 6, 1;
L_0x55b29b4dc600 .part v0x55b29b4d0910_0, 5, 1;
S_0x55b29b4c9300 .scope module, "BancoRegs" "BancoREG" 5 49, 6 1 0, S_0x55b29b4c9060;
 .timescale 0 0;
    .port_info 0 /INPUT 3 "Reg1";
    .port_info 1 /INPUT 3 "RegSubseq";
    .port_info 2 /INPUT 3 "Reg2";
    .port_info 3 /INPUT 1 "PermiteEscr";
    .port_info 4 /INPUT 8 "DadoEscr";
    .port_info 5 /INPUT 3 "EscrReg";
    .port_info 6 /OUTPUT 8 "Saida1";
    .port_info 7 /OUTPUT 8 "Saida2";
    .port_info 8 /OUTPUT 8 "SaidaSubseq";
    .port_info 9 /INPUT 1 "clock";
    .port_info 10 /INPUT 8 "PC_value";
v0x55b29b4c9560_0 .net "DadoEscr", 7 0, v0x55b29b4d7190_0;  alias, 1 drivers
v0x55b29b4c9660_0 .net "EscrReg", 2 0, v0x55b29b4d4540_0;  alias, 1 drivers
v0x55b29b4c9740_0 .net "PC_value", 7 0, v0x55b29b4d2a30_0;  alias, 1 drivers
v0x55b29b4c9800_0 .net "PermiteEscr", 0 0, v0x55b29b4cbdb0_0;  alias, 1 drivers
v0x55b29b4c98c0 .array "RF", 0 7, 7 0;
v0x55b29b4c9b20_0 .net "Reg1", 2 0, L_0x55b29b4db3f0;  1 drivers
v0x55b29b4c9c00_0 .net "Reg2", 2 0, L_0x55b29b4db0a0;  alias, 1 drivers
v0x55b29b4c9ce0_0 .net "RegSubseq", 2 0, L_0x55b29b4daf60;  alias, 1 drivers
v0x55b29b4c9dc0_0 .var "Saida1", 7 0;
v0x55b29b4c9e80_0 .var "Saida2", 7 0;
v0x55b29b4c9f20_0 .var "SaidaSubseq", 7 0;
v0x55b29b4c9fe0_0 .net "clock", 0 0, v0x55b29b4da4a0_0;  alias, 1 drivers
v0x55b29b4ca080_0 .var/i "count", 31 0;
v0x55b29b4c98c0_0 .array/port v0x55b29b4c98c0, 0;
v0x55b29b4c98c0_1 .array/port v0x55b29b4c98c0, 1;
v0x55b29b4c98c0_2 .array/port v0x55b29b4c98c0, 2;
E_0x55b29b4b45f0/0 .event anyedge, v0x55b29b4c9b20_0, v0x55b29b4c98c0_0, v0x55b29b4c98c0_1, v0x55b29b4c98c0_2;
v0x55b29b4c98c0_3 .array/port v0x55b29b4c98c0, 3;
v0x55b29b4c98c0_4 .array/port v0x55b29b4c98c0, 4;
v0x55b29b4c98c0_5 .array/port v0x55b29b4c98c0, 5;
v0x55b29b4c98c0_6 .array/port v0x55b29b4c98c0, 6;
E_0x55b29b4b45f0/1 .event anyedge, v0x55b29b4c98c0_3, v0x55b29b4c98c0_4, v0x55b29b4c98c0_5, v0x55b29b4c98c0_6;
v0x55b29b4c98c0_7 .array/port v0x55b29b4c98c0, 7;
E_0x55b29b4b45f0/2 .event anyedge, v0x55b29b4c98c0_7, v0x55b29b4c9c00_0, v0x55b29b4c9ce0_0;
E_0x55b29b4b45f0 .event/or E_0x55b29b4b45f0/0, E_0x55b29b4b45f0/1, E_0x55b29b4b45f0/2;
S_0x55b29b4ca2a0 .scope module, "C70" "Concatena7Zeros" 5 74, 7 1 0, S_0x55b29b4c9060;
 .timescale 0 0;
    .port_info 0 /INPUT 1 "Entrada";
    .port_info 1 /OUTPUT 8 "Saida";
v0x55b29b4ca490_0 .net "Entrada", 0 0, L_0x55b29b4dbb50;  1 drivers
v0x55b29b4ca570_0 .net "Saida", 7 0, L_0x55b29b4dba60;  alias, 1 drivers
L_0x7fdfe91d20f0 .functor BUFT 1, C4<0000000>, C4<0>, C4<0>, C4<0>;
v0x55b29b4ca650_0 .net/2u *"_ivl_0", 6 0, L_0x7fdfe91d20f0;  1 drivers
L_0x55b29b4dba60 .concat [ 1 7 0 0], L_0x55b29b4dbb50, L_0x7fdfe91d20f0;
S_0x55b29b4ca770 .scope module, "a2mpc" "portaAnd2" 5 53, 8 1 0, S_0x55b29b4c9060;
 .timescale 0 0;
    .port_info 0 /INPUT 1 "entrada1";
    .port_info 1 /INPUT 1 "entrada2";
    .port_info 2 /OUTPUT 1 "Saida";
L_0x55b29b4dadd0 .functor AND 1, v0x55b29b4cbb00_0, v0x55b29b4d79a0_0, C4<1>, C4<1>;
v0x55b29b4ca9d0_0 .net "Saida", 0 0, L_0x55b29b4dadd0;  alias, 1 drivers
v0x55b29b4caa90_0 .net "entrada1", 0 0, v0x55b29b4cbb00_0;  alias, 1 drivers
v0x55b29b4cab50_0 .net "entrada2", 0 0, v0x55b29b4d79a0_0;  alias, 1 drivers
S_0x55b29b4caca0 .scope module, "and3" "portaAnd3" 5 82, 9 1 0, S_0x55b29b4c9060;
 .timescale 0 0;
    .port_info 0 /INPUT 1 "entrada1";
    .port_info 1 /INPUT 1 "entrada2";
    .port_info 2 /INPUT 1 "entrada3";
    .port_info 3 /OUTPUT 1 "Saida";
L_0x55b29b4db9f0 .functor AND 1, L_0x55b29b4dc180, L_0x55b29b4dc480, C4<1>, C4<1>;
L_0x55b29b4dc0c0 .functor AND 1, L_0x55b29b4db9f0, L_0x55b29b4dc600, C4<1>, C4<1>;
v0x55b29b4caeb0_0 .net "Saida", 0 0, L_0x55b29b4dc0c0;  alias, 1 drivers
v0x55b29b4caf70_0 .net *"_ivl_0", 0 0, L_0x55b29b4db9f0;  1 drivers
v0x55b29b4cb050_0 .net "entrada1", 0 0, L_0x55b29b4dc180;  1 drivers
v0x55b29b4cb120_0 .net "entrada2", 0 0, L_0x55b29b4dc480;  1 drivers
v0x55b29b4cb1e0_0 .net "entrada3", 0 0, L_0x55b29b4dc600;  1 drivers
S_0x55b29b4cb370 .scope module, "c0" "Concatena1Zeros" 5 43, 10 1 0, S_0x55b29b4c9060;
 .timescale 0 0;
    .port_info 0 /INPUT 2 "Entrada";
    .port_info 1 /OUTPUT 3 "Saida";
v0x55b29b4cb600_0 .net "Entrada", 1 0, L_0x55b29b4db1d0;  1 drivers
v0x55b29b4cb700_0 .net "Saida", 2 0, L_0x55b29b4db0a0;  alias, 1 drivers
L_0x7fdfe91d20a8 .functor BUFT 1, C4<0>, C4<0>, C4<0>, C4<0>;
v0x55b29b4cb7c0_0 .net/2u *"_ivl_0", 0 0, L_0x7fdfe91d20a8;  1 drivers
L_0x55b29b4db0a0 .concat [ 2 1 0 0], L_0x55b29b4db1d0, L_0x7fdfe91d20a8;
S_0x55b29b4cb8c0 .scope module, "ctrl" "Controle2" 5 33, 11 1 0, S_0x55b29b4c9060;
 .timescale 0 0;
    .port_info 0 /INPUT 3 "OPcode";
    .port_info 1 /INPUT 2 "BitVerificao";
    .port_info 2 /INPUT 1 "clock";
    .port_info 3 /OUTPUT 1 "EscrevMem";
    .port_info 4 /OUTPUT 1 "LerMem";
    .port_info 5 /OUTPUT 1 "Jump";
    .port_info 6 /OUTPUT 1 "Halt";
    .port_info 7 /OUTPUT 2 "UlaOp";
    .port_info 8 /OUTPUT 2 "FonteUla";
    .port_info 9 /OUTPUT 1 "EscrevReg";
    .port_info 10 /OUTPUT 1 "Beqz";
v0x55b29b4cbb00_0 .var "Beqz", 0 0;
v0x55b29b4cbbf0_0 .net "BitVerificao", 1 0, L_0x55b29b4daaa0;  1 drivers
v0x55b29b4cbcb0_0 .var "EscrevMem", 0 0;
v0x55b29b4cbdb0_0 .var "EscrevReg", 0 0;
v0x55b29b4cbe80_0 .var "FonteUla", 1 0;
v0x55b29b4cbf70_0 .var "Halt", 0 0;
v0x55b29b4cc010_0 .var "Jump", 0 0;
v0x55b29b4cc0d0_0 .var "LerMem", 0 0;
v0x55b29b4cc170_0 .net "OPcode", 2 0, L_0x55b29b4da9b0;  1 drivers
v0x55b29b4cc230_0 .var "UlaOp", 1 0;
v0x55b29b4cc310_0 .net "clock", 0 0, v0x55b29b4da4a0_0;  alias, 1 drivers
v0x55b29b4cc3b0_0 .var "type2", 3 0;
E_0x55b29b4cbaa0 .event anyedge, v0x55b29b4cc170_0, v0x55b29b4cbbf0_0;
S_0x55b29b4cc650 .scope module, "extende" "ExtendeSinal" 5 37, 12 1 0, S_0x55b29b4c9060;
 .timescale 0 0;
    .port_info 0 /INPUT 3 "entrada";
    .port_info 1 /OUTPUT 8 "Saida";
v0x55b29b4cc910_0 .var "Saida", 7 0;
v0x55b29b4cca10_0 .net "entrada", 2 0, L_0x55b29b4dac00;  1 drivers
E_0x55b29b4cc890 .event anyedge, v0x55b29b4cca10_0;
S_0x55b29b4ccb50 .scope module, "inf" "Mux3" 5 61, 13 1 0, S_0x55b29b4c9060;
 .timescale 0 0;
    .port_info 0 /INPUT 8 "entrada1";
    .port_info 1 /INPUT 8 "entrada2";
    .port_info 2 /INPUT 8 "entrada3";
    .port_info 3 /INPUT 2 "OPcontrole";
    .port_info 4 /OUTPUT 8 "Saida";
v0x55b29b4cce10_0 .net "OPcontrole", 1 0, v0x55b29b4cbe80_0;  alias, 1 drivers
v0x55b29b4ccf20_0 .var "Saida", 7 0;
v0x55b29b4ccfe0_0 .net "entrada1", 7 0, v0x55b29b4c9e80_0;  alias, 1 drivers
v0x55b29b4cd100_0 .net "entrada2", 7 0, v0x55b29b4c9dc0_0;  alias, 1 drivers
v0x55b29b4cd210_0 .net "entrada3", 7 0, v0x55b29b4c9e80_0;  alias, 1 drivers
E_0x55b29b4ccdb0 .event anyedge, v0x55b29b4cbe80_0, v0x55b29b4c8c10_0, v0x55b29b4c8b30_0;
S_0x55b29b4cd3c0 .scope module, "instruct" "memo_instr" 5 30, 14 1 0, S_0x55b29b4c9060;
 .timescale 0 0;
    .port_info 0 /INPUT 8 "Entrada";
    .port_info 1 /OUTPUT 8 "Saida";
    .port_info 2 /INPUT 1 "Clock";
v0x55b29b4cdec0_0 .net "Clock", 0 0, v0x55b29b4da4a0_0;  alias, 1 drivers
v0x55b29b4cdf80_0 .net "Entrada", 7 0, v0x55b29b4d2940_0;  alias, 1 drivers
v0x55b29b4ce060 .array "Memoria", 0 255, 7 0;
v0x55b29b4d0910_0 .var "Saida", 7 0;
v0x55b29b4ce060_0 .array/port v0x55b29b4ce060, 0;
v0x55b29b4ce060_1 .array/port v0x55b29b4ce060, 1;
v0x55b29b4ce060_2 .array/port v0x55b29b4ce060, 2;
E_0x55b29b4cd650/0 .event anyedge, v0x55b29b4cdf80_0, v0x55b29b4ce060_0, v0x55b29b4ce060_1, v0x55b29b4ce060_2;
v0x55b29b4ce060_3 .array/port v0x55b29b4ce060, 3;
v0x55b29b4ce060_4 .array/port v0x55b29b4ce060, 4;
v0x55b29b4ce060_5 .array/port v0x55b29b4ce060, 5;
v0x55b29b4ce060_6 .array/port v0x55b29b4ce060, 6;
E_0x55b29b4cd650/1 .event anyedge, v0x55b29b4ce060_3, v0x55b29b4ce060_4, v0x55b29b4ce060_5, v0x55b29b4ce060_6;
v0x55b29b4ce060_7 .array/port v0x55b29b4ce060, 7;
v0x55b29b4ce060_8 .array/port v0x55b29b4ce060, 8;
v0x55b29b4ce060_9 .array/port v0x55b29b4ce060, 9;
v0x55b29b4ce060_10 .array/port v0x55b29b4ce060, 10;
E_0x55b29b4cd650/2 .event anyedge, v0x55b29b4ce060_7, v0x55b29b4ce060_8, v0x55b29b4ce060_9, v0x55b29b4ce060_10;
v0x55b29b4ce060_11 .array/port v0x55b29b4ce060, 11;
v0x55b29b4ce060_12 .array/port v0x55b29b4ce060, 12;
v0x55b29b4ce060_13 .array/port v0x55b29b4ce060, 13;
v0x55b29b4ce060_14 .array/port v0x55b29b4ce060, 14;
E_0x55b29b4cd650/3 .event anyedge, v0x55b29b4ce060_11, v0x55b29b4ce060_12, v0x55b29b4ce060_13, v0x55b29b4ce060_14;
v0x55b29b4ce060_15 .array/port v0x55b29b4ce060, 15;
v0x55b29b4ce060_16 .array/port v0x55b29b4ce060, 16;
v0x55b29b4ce060_17 .array/port v0x55b29b4ce060, 17;
v0x55b29b4ce060_18 .array/port v0x55b29b4ce060, 18;
E_0x55b29b4cd650/4 .event anyedge, v0x55b29b4ce060_15, v0x55b29b4ce060_16, v0x55b29b4ce060_17, v0x55b29b4ce060_18;
v0x55b29b4ce060_19 .array/port v0x55b29b4ce060, 19;
v0x55b29b4ce060_20 .array/port v0x55b29b4ce060, 20;
v0x55b29b4ce060_21 .array/port v0x55b29b4ce060, 21;
v0x55b29b4ce060_22 .array/port v0x55b29b4ce060, 22;
E_0x55b29b4cd650/5 .event anyedge, v0x55b29b4ce060_19, v0x55b29b4ce060_20, v0x55b29b4ce060_21, v0x55b29b4ce060_22;
v0x55b29b4ce060_23 .array/port v0x55b29b4ce060, 23;
v0x55b29b4ce060_24 .array/port v0x55b29b4ce060, 24;
v0x55b29b4ce060_25 .array/port v0x55b29b4ce060, 25;
v0x55b29b4ce060_26 .array/port v0x55b29b4ce060, 26;
E_0x55b29b4cd650/6 .event anyedge, v0x55b29b4ce060_23, v0x55b29b4ce060_24, v0x55b29b4ce060_25, v0x55b29b4ce060_26;
v0x55b29b4ce060_27 .array/port v0x55b29b4ce060, 27;
v0x55b29b4ce060_28 .array/port v0x55b29b4ce060, 28;
v0x55b29b4ce060_29 .array/port v0x55b29b4ce060, 29;
v0x55b29b4ce060_30 .array/port v0x55b29b4ce060, 30;
E_0x55b29b4cd650/7 .event anyedge, v0x55b29b4ce060_27, v0x55b29b4ce060_28, v0x55b29b4ce060_29, v0x55b29b4ce060_30;
v0x55b29b4ce060_31 .array/port v0x55b29b4ce060, 31;
v0x55b29b4ce060_32 .array/port v0x55b29b4ce060, 32;
v0x55b29b4ce060_33 .array/port v0x55b29b4ce060, 33;
v0x55b29b4ce060_34 .array/port v0x55b29b4ce060, 34;
E_0x55b29b4cd650/8 .event anyedge, v0x55b29b4ce060_31, v0x55b29b4ce060_32, v0x55b29b4ce060_33, v0x55b29b4ce060_34;
v0x55b29b4ce060_35 .array/port v0x55b29b4ce060, 35;
v0x55b29b4ce060_36 .array/port v0x55b29b4ce060, 36;
v0x55b29b4ce060_37 .array/port v0x55b29b4ce060, 37;
v0x55b29b4ce060_38 .array/port v0x55b29b4ce060, 38;
E_0x55b29b4cd650/9 .event anyedge, v0x55b29b4ce060_35, v0x55b29b4ce060_36, v0x55b29b4ce060_37, v0x55b29b4ce060_38;
v0x55b29b4ce060_39 .array/port v0x55b29b4ce060, 39;
v0x55b29b4ce060_40 .array/port v0x55b29b4ce060, 40;
v0x55b29b4ce060_41 .array/port v0x55b29b4ce060, 41;
v0x55b29b4ce060_42 .array/port v0x55b29b4ce060, 42;
E_0x55b29b4cd650/10 .event anyedge, v0x55b29b4ce060_39, v0x55b29b4ce060_40, v0x55b29b4ce060_41, v0x55b29b4ce060_42;
v0x55b29b4ce060_43 .array/port v0x55b29b4ce060, 43;
v0x55b29b4ce060_44 .array/port v0x55b29b4ce060, 44;
v0x55b29b4ce060_45 .array/port v0x55b29b4ce060, 45;
v0x55b29b4ce060_46 .array/port v0x55b29b4ce060, 46;
E_0x55b29b4cd650/11 .event anyedge, v0x55b29b4ce060_43, v0x55b29b4ce060_44, v0x55b29b4ce060_45, v0x55b29b4ce060_46;
v0x55b29b4ce060_47 .array/port v0x55b29b4ce060, 47;
v0x55b29b4ce060_48 .array/port v0x55b29b4ce060, 48;
v0x55b29b4ce060_49 .array/port v0x55b29b4ce060, 49;
v0x55b29b4ce060_50 .array/port v0x55b29b4ce060, 50;
E_0x55b29b4cd650/12 .event anyedge, v0x55b29b4ce060_47, v0x55b29b4ce060_48, v0x55b29b4ce060_49, v0x55b29b4ce060_50;
v0x55b29b4ce060_51 .array/port v0x55b29b4ce060, 51;
v0x55b29b4ce060_52 .array/port v0x55b29b4ce060, 52;
v0x55b29b4ce060_53 .array/port v0x55b29b4ce060, 53;
v0x55b29b4ce060_54 .array/port v0x55b29b4ce060, 54;
E_0x55b29b4cd650/13 .event anyedge, v0x55b29b4ce060_51, v0x55b29b4ce060_52, v0x55b29b4ce060_53, v0x55b29b4ce060_54;
v0x55b29b4ce060_55 .array/port v0x55b29b4ce060, 55;
v0x55b29b4ce060_56 .array/port v0x55b29b4ce060, 56;
v0x55b29b4ce060_57 .array/port v0x55b29b4ce060, 57;
v0x55b29b4ce060_58 .array/port v0x55b29b4ce060, 58;
E_0x55b29b4cd650/14 .event anyedge, v0x55b29b4ce060_55, v0x55b29b4ce060_56, v0x55b29b4ce060_57, v0x55b29b4ce060_58;
v0x55b29b4ce060_59 .array/port v0x55b29b4ce060, 59;
v0x55b29b4ce060_60 .array/port v0x55b29b4ce060, 60;
v0x55b29b4ce060_61 .array/port v0x55b29b4ce060, 61;
v0x55b29b4ce060_62 .array/port v0x55b29b4ce060, 62;
E_0x55b29b4cd650/15 .event anyedge, v0x55b29b4ce060_59, v0x55b29b4ce060_60, v0x55b29b4ce060_61, v0x55b29b4ce060_62;
v0x55b29b4ce060_63 .array/port v0x55b29b4ce060, 63;
v0x55b29b4ce060_64 .array/port v0x55b29b4ce060, 64;
v0x55b29b4ce060_65 .array/port v0x55b29b4ce060, 65;
v0x55b29b4ce060_66 .array/port v0x55b29b4ce060, 66;
E_0x55b29b4cd650/16 .event anyedge, v0x55b29b4ce060_63, v0x55b29b4ce060_64, v0x55b29b4ce060_65, v0x55b29b4ce060_66;
v0x55b29b4ce060_67 .array/port v0x55b29b4ce060, 67;
v0x55b29b4ce060_68 .array/port v0x55b29b4ce060, 68;
v0x55b29b4ce060_69 .array/port v0x55b29b4ce060, 69;
v0x55b29b4ce060_70 .array/port v0x55b29b4ce060, 70;
E_0x55b29b4cd650/17 .event anyedge, v0x55b29b4ce060_67, v0x55b29b4ce060_68, v0x55b29b4ce060_69, v0x55b29b4ce060_70;
v0x55b29b4ce060_71 .array/port v0x55b29b4ce060, 71;
v0x55b29b4ce060_72 .array/port v0x55b29b4ce060, 72;
v0x55b29b4ce060_73 .array/port v0x55b29b4ce060, 73;
v0x55b29b4ce060_74 .array/port v0x55b29b4ce060, 74;
E_0x55b29b4cd650/18 .event anyedge, v0x55b29b4ce060_71, v0x55b29b4ce060_72, v0x55b29b4ce060_73, v0x55b29b4ce060_74;
v0x55b29b4ce060_75 .array/port v0x55b29b4ce060, 75;
v0x55b29b4ce060_76 .array/port v0x55b29b4ce060, 76;
v0x55b29b4ce060_77 .array/port v0x55b29b4ce060, 77;
v0x55b29b4ce060_78 .array/port v0x55b29b4ce060, 78;
E_0x55b29b4cd650/19 .event anyedge, v0x55b29b4ce060_75, v0x55b29b4ce060_76, v0x55b29b4ce060_77, v0x55b29b4ce060_78;
v0x55b29b4ce060_79 .array/port v0x55b29b4ce060, 79;
v0x55b29b4ce060_80 .array/port v0x55b29b4ce060, 80;
v0x55b29b4ce060_81 .array/port v0x55b29b4ce060, 81;
v0x55b29b4ce060_82 .array/port v0x55b29b4ce060, 82;
E_0x55b29b4cd650/20 .event anyedge, v0x55b29b4ce060_79, v0x55b29b4ce060_80, v0x55b29b4ce060_81, v0x55b29b4ce060_82;
v0x55b29b4ce060_83 .array/port v0x55b29b4ce060, 83;
v0x55b29b4ce060_84 .array/port v0x55b29b4ce060, 84;
v0x55b29b4ce060_85 .array/port v0x55b29b4ce060, 85;
v0x55b29b4ce060_86 .array/port v0x55b29b4ce060, 86;
E_0x55b29b4cd650/21 .event anyedge, v0x55b29b4ce060_83, v0x55b29b4ce060_84, v0x55b29b4ce060_85, v0x55b29b4ce060_86;
v0x55b29b4ce060_87 .array/port v0x55b29b4ce060, 87;
v0x55b29b4ce060_88 .array/port v0x55b29b4ce060, 88;
v0x55b29b4ce060_89 .array/port v0x55b29b4ce060, 89;
v0x55b29b4ce060_90 .array/port v0x55b29b4ce060, 90;
E_0x55b29b4cd650/22 .event anyedge, v0x55b29b4ce060_87, v0x55b29b4ce060_88, v0x55b29b4ce060_89, v0x55b29b4ce060_90;
v0x55b29b4ce060_91 .array/port v0x55b29b4ce060, 91;
v0x55b29b4ce060_92 .array/port v0x55b29b4ce060, 92;
v0x55b29b4ce060_93 .array/port v0x55b29b4ce060, 93;
v0x55b29b4ce060_94 .array/port v0x55b29b4ce060, 94;
E_0x55b29b4cd650/23 .event anyedge, v0x55b29b4ce060_91, v0x55b29b4ce060_92, v0x55b29b4ce060_93, v0x55b29b4ce060_94;
v0x55b29b4ce060_95 .array/port v0x55b29b4ce060, 95;
v0x55b29b4ce060_96 .array/port v0x55b29b4ce060, 96;
v0x55b29b4ce060_97 .array/port v0x55b29b4ce060, 97;
v0x55b29b4ce060_98 .array/port v0x55b29b4ce060, 98;
E_0x55b29b4cd650/24 .event anyedge, v0x55b29b4ce060_95, v0x55b29b4ce060_96, v0x55b29b4ce060_97, v0x55b29b4ce060_98;
v0x55b29b4ce060_99 .array/port v0x55b29b4ce060, 99;
v0x55b29b4ce060_100 .array/port v0x55b29b4ce060, 100;
v0x55b29b4ce060_101 .array/port v0x55b29b4ce060, 101;
v0x55b29b4ce060_102 .array/port v0x55b29b4ce060, 102;
E_0x55b29b4cd650/25 .event anyedge, v0x55b29b4ce060_99, v0x55b29b4ce060_100, v0x55b29b4ce060_101, v0x55b29b4ce060_102;
v0x55b29b4ce060_103 .array/port v0x55b29b4ce060, 103;
v0x55b29b4ce060_104 .array/port v0x55b29b4ce060, 104;
v0x55b29b4ce060_105 .array/port v0x55b29b4ce060, 105;
v0x55b29b4ce060_106 .array/port v0x55b29b4ce060, 106;
E_0x55b29b4cd650/26 .event anyedge, v0x55b29b4ce060_103, v0x55b29b4ce060_104, v0x55b29b4ce060_105, v0x55b29b4ce060_106;
v0x55b29b4ce060_107 .array/port v0x55b29b4ce060, 107;
v0x55b29b4ce060_108 .array/port v0x55b29b4ce060, 108;
v0x55b29b4ce060_109 .array/port v0x55b29b4ce060, 109;
v0x55b29b4ce060_110 .array/port v0x55b29b4ce060, 110;
E_0x55b29b4cd650/27 .event anyedge, v0x55b29b4ce060_107, v0x55b29b4ce060_108, v0x55b29b4ce060_109, v0x55b29b4ce060_110;
v0x55b29b4ce060_111 .array/port v0x55b29b4ce060, 111;
v0x55b29b4ce060_112 .array/port v0x55b29b4ce060, 112;
v0x55b29b4ce060_113 .array/port v0x55b29b4ce060, 113;
v0x55b29b4ce060_114 .array/port v0x55b29b4ce060, 114;
E_0x55b29b4cd650/28 .event anyedge, v0x55b29b4ce060_111, v0x55b29b4ce060_112, v0x55b29b4ce060_113, v0x55b29b4ce060_114;
v0x55b29b4ce060_115 .array/port v0x55b29b4ce060, 115;
v0x55b29b4ce060_116 .array/port v0x55b29b4ce060, 116;
v0x55b29b4ce060_117 .array/port v0x55b29b4ce060, 117;
v0x55b29b4ce060_118 .array/port v0x55b29b4ce060, 118;
E_0x55b29b4cd650/29 .event anyedge, v0x55b29b4ce060_115, v0x55b29b4ce060_116, v0x55b29b4ce060_117, v0x55b29b4ce060_118;
v0x55b29b4ce060_119 .array/port v0x55b29b4ce060, 119;
v0x55b29b4ce060_120 .array/port v0x55b29b4ce060, 120;
v0x55b29b4ce060_121 .array/port v0x55b29b4ce060, 121;
v0x55b29b4ce060_122 .array/port v0x55b29b4ce060, 122;
E_0x55b29b4cd650/30 .event anyedge, v0x55b29b4ce060_119, v0x55b29b4ce060_120, v0x55b29b4ce060_121, v0x55b29b4ce060_122;
v0x55b29b4ce060_123 .array/port v0x55b29b4ce060, 123;
v0x55b29b4ce060_124 .array/port v0x55b29b4ce060, 124;
v0x55b29b4ce060_125 .array/port v0x55b29b4ce060, 125;
v0x55b29b4ce060_126 .array/port v0x55b29b4ce060, 126;
E_0x55b29b4cd650/31 .event anyedge, v0x55b29b4ce060_123, v0x55b29b4ce060_124, v0x55b29b4ce060_125, v0x55b29b4ce060_126;
v0x55b29b4ce060_127 .array/port v0x55b29b4ce060, 127;
v0x55b29b4ce060_128 .array/port v0x55b29b4ce060, 128;
v0x55b29b4ce060_129 .array/port v0x55b29b4ce060, 129;
v0x55b29b4ce060_130 .array/port v0x55b29b4ce060, 130;
E_0x55b29b4cd650/32 .event anyedge, v0x55b29b4ce060_127, v0x55b29b4ce060_128, v0x55b29b4ce060_129, v0x55b29b4ce060_130;
v0x55b29b4ce060_131 .array/port v0x55b29b4ce060, 131;
v0x55b29b4ce060_132 .array/port v0x55b29b4ce060, 132;
v0x55b29b4ce060_133 .array/port v0x55b29b4ce060, 133;
v0x55b29b4ce060_134 .array/port v0x55b29b4ce060, 134;
E_0x55b29b4cd650/33 .event anyedge, v0x55b29b4ce060_131, v0x55b29b4ce060_132, v0x55b29b4ce060_133, v0x55b29b4ce060_134;
v0x55b29b4ce060_135 .array/port v0x55b29b4ce060, 135;
v0x55b29b4ce060_136 .array/port v0x55b29b4ce060, 136;
v0x55b29b4ce060_137 .array/port v0x55b29b4ce060, 137;
v0x55b29b4ce060_138 .array/port v0x55b29b4ce060, 138;
E_0x55b29b4cd650/34 .event anyedge, v0x55b29b4ce060_135, v0x55b29b4ce060_136, v0x55b29b4ce060_137, v0x55b29b4ce060_138;
v0x55b29b4ce060_139 .array/port v0x55b29b4ce060, 139;
v0x55b29b4ce060_140 .array/port v0x55b29b4ce060, 140;
v0x55b29b4ce060_141 .array/port v0x55b29b4ce060, 141;
v0x55b29b4ce060_142 .array/port v0x55b29b4ce060, 142;
E_0x55b29b4cd650/35 .event anyedge, v0x55b29b4ce060_139, v0x55b29b4ce060_140, v0x55b29b4ce060_141, v0x55b29b4ce060_142;
v0x55b29b4ce060_143 .array/port v0x55b29b4ce060, 143;
v0x55b29b4ce060_144 .array/port v0x55b29b4ce060, 144;
v0x55b29b4ce060_145 .array/port v0x55b29b4ce060, 145;
v0x55b29b4ce060_146 .array/port v0x55b29b4ce060, 146;
E_0x55b29b4cd650/36 .event anyedge, v0x55b29b4ce060_143, v0x55b29b4ce060_144, v0x55b29b4ce060_145, v0x55b29b4ce060_146;
v0x55b29b4ce060_147 .array/port v0x55b29b4ce060, 147;
v0x55b29b4ce060_148 .array/port v0x55b29b4ce060, 148;
v0x55b29b4ce060_149 .array/port v0x55b29b4ce060, 149;
v0x55b29b4ce060_150 .array/port v0x55b29b4ce060, 150;
E_0x55b29b4cd650/37 .event anyedge, v0x55b29b4ce060_147, v0x55b29b4ce060_148, v0x55b29b4ce060_149, v0x55b29b4ce060_150;
v0x55b29b4ce060_151 .array/port v0x55b29b4ce060, 151;
v0x55b29b4ce060_152 .array/port v0x55b29b4ce060, 152;
v0x55b29b4ce060_153 .array/port v0x55b29b4ce060, 153;
v0x55b29b4ce060_154 .array/port v0x55b29b4ce060, 154;
E_0x55b29b4cd650/38 .event anyedge, v0x55b29b4ce060_151, v0x55b29b4ce060_152, v0x55b29b4ce060_153, v0x55b29b4ce060_154;
v0x55b29b4ce060_155 .array/port v0x55b29b4ce060, 155;
v0x55b29b4ce060_156 .array/port v0x55b29b4ce060, 156;
v0x55b29b4ce060_157 .array/port v0x55b29b4ce060, 157;
v0x55b29b4ce060_158 .array/port v0x55b29b4ce060, 158;
E_0x55b29b4cd650/39 .event anyedge, v0x55b29b4ce060_155, v0x55b29b4ce060_156, v0x55b29b4ce060_157, v0x55b29b4ce060_158;
v0x55b29b4ce060_159 .array/port v0x55b29b4ce060, 159;
v0x55b29b4ce060_160 .array/port v0x55b29b4ce060, 160;
v0x55b29b4ce060_161 .array/port v0x55b29b4ce060, 161;
v0x55b29b4ce060_162 .array/port v0x55b29b4ce060, 162;
E_0x55b29b4cd650/40 .event anyedge, v0x55b29b4ce060_159, v0x55b29b4ce060_160, v0x55b29b4ce060_161, v0x55b29b4ce060_162;
v0x55b29b4ce060_163 .array/port v0x55b29b4ce060, 163;
v0x55b29b4ce060_164 .array/port v0x55b29b4ce060, 164;
v0x55b29b4ce060_165 .array/port v0x55b29b4ce060, 165;
v0x55b29b4ce060_166 .array/port v0x55b29b4ce060, 166;
E_0x55b29b4cd650/41 .event anyedge, v0x55b29b4ce060_163, v0x55b29b4ce060_164, v0x55b29b4ce060_165, v0x55b29b4ce060_166;
v0x55b29b4ce060_167 .array/port v0x55b29b4ce060, 167;
v0x55b29b4ce060_168 .array/port v0x55b29b4ce060, 168;
v0x55b29b4ce060_169 .array/port v0x55b29b4ce060, 169;
v0x55b29b4ce060_170 .array/port v0x55b29b4ce060, 170;
E_0x55b29b4cd650/42 .event anyedge, v0x55b29b4ce060_167, v0x55b29b4ce060_168, v0x55b29b4ce060_169, v0x55b29b4ce060_170;
v0x55b29b4ce060_171 .array/port v0x55b29b4ce060, 171;
v0x55b29b4ce060_172 .array/port v0x55b29b4ce060, 172;
v0x55b29b4ce060_173 .array/port v0x55b29b4ce060, 173;
v0x55b29b4ce060_174 .array/port v0x55b29b4ce060, 174;
E_0x55b29b4cd650/43 .event anyedge, v0x55b29b4ce060_171, v0x55b29b4ce060_172, v0x55b29b4ce060_173, v0x55b29b4ce060_174;
v0x55b29b4ce060_175 .array/port v0x55b29b4ce060, 175;
v0x55b29b4ce060_176 .array/port v0x55b29b4ce060, 176;
v0x55b29b4ce060_177 .array/port v0x55b29b4ce060, 177;
v0x55b29b4ce060_178 .array/port v0x55b29b4ce060, 178;
E_0x55b29b4cd650/44 .event anyedge, v0x55b29b4ce060_175, v0x55b29b4ce060_176, v0x55b29b4ce060_177, v0x55b29b4ce060_178;
v0x55b29b4ce060_179 .array/port v0x55b29b4ce060, 179;
v0x55b29b4ce060_180 .array/port v0x55b29b4ce060, 180;
v0x55b29b4ce060_181 .array/port v0x55b29b4ce060, 181;
v0x55b29b4ce060_182 .array/port v0x55b29b4ce060, 182;
E_0x55b29b4cd650/45 .event anyedge, v0x55b29b4ce060_179, v0x55b29b4ce060_180, v0x55b29b4ce060_181, v0x55b29b4ce060_182;
v0x55b29b4ce060_183 .array/port v0x55b29b4ce060, 183;
v0x55b29b4ce060_184 .array/port v0x55b29b4ce060, 184;
v0x55b29b4ce060_185 .array/port v0x55b29b4ce060, 185;
v0x55b29b4ce060_186 .array/port v0x55b29b4ce060, 186;
E_0x55b29b4cd650/46 .event anyedge, v0x55b29b4ce060_183, v0x55b29b4ce060_184, v0x55b29b4ce060_185, v0x55b29b4ce060_186;
v0x55b29b4ce060_187 .array/port v0x55b29b4ce060, 187;
v0x55b29b4ce060_188 .array/port v0x55b29b4ce060, 188;
v0x55b29b4ce060_189 .array/port v0x55b29b4ce060, 189;
v0x55b29b4ce060_190 .array/port v0x55b29b4ce060, 190;
E_0x55b29b4cd650/47 .event anyedge, v0x55b29b4ce060_187, v0x55b29b4ce060_188, v0x55b29b4ce060_189, v0x55b29b4ce060_190;
v0x55b29b4ce060_191 .array/port v0x55b29b4ce060, 191;
v0x55b29b4ce060_192 .array/port v0x55b29b4ce060, 192;
v0x55b29b4ce060_193 .array/port v0x55b29b4ce060, 193;
v0x55b29b4ce060_194 .array/port v0x55b29b4ce060, 194;
E_0x55b29b4cd650/48 .event anyedge, v0x55b29b4ce060_191, v0x55b29b4ce060_192, v0x55b29b4ce060_193, v0x55b29b4ce060_194;
v0x55b29b4ce060_195 .array/port v0x55b29b4ce060, 195;
v0x55b29b4ce060_196 .array/port v0x55b29b4ce060, 196;
v0x55b29b4ce060_197 .array/port v0x55b29b4ce060, 197;
v0x55b29b4ce060_198 .array/port v0x55b29b4ce060, 198;
E_0x55b29b4cd650/49 .event anyedge, v0x55b29b4ce060_195, v0x55b29b4ce060_196, v0x55b29b4ce060_197, v0x55b29b4ce060_198;
v0x55b29b4ce060_199 .array/port v0x55b29b4ce060, 199;
v0x55b29b4ce060_200 .array/port v0x55b29b4ce060, 200;
v0x55b29b4ce060_201 .array/port v0x55b29b4ce060, 201;
v0x55b29b4ce060_202 .array/port v0x55b29b4ce060, 202;
E_0x55b29b4cd650/50 .event anyedge, v0x55b29b4ce060_199, v0x55b29b4ce060_200, v0x55b29b4ce060_201, v0x55b29b4ce060_202;
v0x55b29b4ce060_203 .array/port v0x55b29b4ce060, 203;
v0x55b29b4ce060_204 .array/port v0x55b29b4ce060, 204;
v0x55b29b4ce060_205 .array/port v0x55b29b4ce060, 205;
v0x55b29b4ce060_206 .array/port v0x55b29b4ce060, 206;
E_0x55b29b4cd650/51 .event anyedge, v0x55b29b4ce060_203, v0x55b29b4ce060_204, v0x55b29b4ce060_205, v0x55b29b4ce060_206;
v0x55b29b4ce060_207 .array/port v0x55b29b4ce060, 207;
v0x55b29b4ce060_208 .array/port v0x55b29b4ce060, 208;
v0x55b29b4ce060_209 .array/port v0x55b29b4ce060, 209;
v0x55b29b4ce060_210 .array/port v0x55b29b4ce060, 210;
E_0x55b29b4cd650/52 .event anyedge, v0x55b29b4ce060_207, v0x55b29b4ce060_208, v0x55b29b4ce060_209, v0x55b29b4ce060_210;
v0x55b29b4ce060_211 .array/port v0x55b29b4ce060, 211;
v0x55b29b4ce060_212 .array/port v0x55b29b4ce060, 212;
v0x55b29b4ce060_213 .array/port v0x55b29b4ce060, 213;
v0x55b29b4ce060_214 .array/port v0x55b29b4ce060, 214;
E_0x55b29b4cd650/53 .event anyedge, v0x55b29b4ce060_211, v0x55b29b4ce060_212, v0x55b29b4ce060_213, v0x55b29b4ce060_214;
v0x55b29b4ce060_215 .array/port v0x55b29b4ce060, 215;
v0x55b29b4ce060_216 .array/port v0x55b29b4ce060, 216;
v0x55b29b4ce060_217 .array/port v0x55b29b4ce060, 217;
v0x55b29b4ce060_218 .array/port v0x55b29b4ce060, 218;
E_0x55b29b4cd650/54 .event anyedge, v0x55b29b4ce060_215, v0x55b29b4ce060_216, v0x55b29b4ce060_217, v0x55b29b4ce060_218;
v0x55b29b4ce060_219 .array/port v0x55b29b4ce060, 219;
v0x55b29b4ce060_220 .array/port v0x55b29b4ce060, 220;
v0x55b29b4ce060_221 .array/port v0x55b29b4ce060, 221;
v0x55b29b4ce060_222 .array/port v0x55b29b4ce060, 222;
E_0x55b29b4cd650/55 .event anyedge, v0x55b29b4ce060_219, v0x55b29b4ce060_220, v0x55b29b4ce060_221, v0x55b29b4ce060_222;
v0x55b29b4ce060_223 .array/port v0x55b29b4ce060, 223;
v0x55b29b4ce060_224 .array/port v0x55b29b4ce060, 224;
v0x55b29b4ce060_225 .array/port v0x55b29b4ce060, 225;
v0x55b29b4ce060_226 .array/port v0x55b29b4ce060, 226;
E_0x55b29b4cd650/56 .event anyedge, v0x55b29b4ce060_223, v0x55b29b4ce060_224, v0x55b29b4ce060_225, v0x55b29b4ce060_226;
v0x55b29b4ce060_227 .array/port v0x55b29b4ce060, 227;
v0x55b29b4ce060_228 .array/port v0x55b29b4ce060, 228;
v0x55b29b4ce060_229 .array/port v0x55b29b4ce060, 229;
v0x55b29b4ce060_230 .array/port v0x55b29b4ce060, 230;
E_0x55b29b4cd650/57 .event anyedge, v0x55b29b4ce060_227, v0x55b29b4ce060_228, v0x55b29b4ce060_229, v0x55b29b4ce060_230;
v0x55b29b4ce060_231 .array/port v0x55b29b4ce060, 231;
v0x55b29b4ce060_232 .array/port v0x55b29b4ce060, 232;
v0x55b29b4ce060_233 .array/port v0x55b29b4ce060, 233;
v0x55b29b4ce060_234 .array/port v0x55b29b4ce060, 234;
E_0x55b29b4cd650/58 .event anyedge, v0x55b29b4ce060_231, v0x55b29b4ce060_232, v0x55b29b4ce060_233, v0x55b29b4ce060_234;
v0x55b29b4ce060_235 .array/port v0x55b29b4ce060, 235;
v0x55b29b4ce060_236 .array/port v0x55b29b4ce060, 236;
v0x55b29b4ce060_237 .array/port v0x55b29b4ce060, 237;
v0x55b29b4ce060_238 .array/port v0x55b29b4ce060, 238;
E_0x55b29b4cd650/59 .event anyedge, v0x55b29b4ce060_235, v0x55b29b4ce060_236, v0x55b29b4ce060_237, v0x55b29b4ce060_238;
v0x55b29b4ce060_239 .array/port v0x55b29b4ce060, 239;
v0x55b29b4ce060_240 .array/port v0x55b29b4ce060, 240;
v0x55b29b4ce060_241 .array/port v0x55b29b4ce060, 241;
v0x55b29b4ce060_242 .array/port v0x55b29b4ce060, 242;
E_0x55b29b4cd650/60 .event anyedge, v0x55b29b4ce060_239, v0x55b29b4ce060_240, v0x55b29b4ce060_241, v0x55b29b4ce060_242;
v0x55b29b4ce060_243 .array/port v0x55b29b4ce060, 243;
v0x55b29b4ce060_244 .array/port v0x55b29b4ce060, 244;
v0x55b29b4ce060_245 .array/port v0x55b29b4ce060, 245;
v0x55b29b4ce060_246 .array/port v0x55b29b4ce060, 246;
E_0x55b29b4cd650/61 .event anyedge, v0x55b29b4ce060_243, v0x55b29b4ce060_244, v0x55b29b4ce060_245, v0x55b29b4ce060_246;
v0x55b29b4ce060_247 .array/port v0x55b29b4ce060, 247;
v0x55b29b4ce060_248 .array/port v0x55b29b4ce060, 248;
v0x55b29b4ce060_249 .array/port v0x55b29b4ce060, 249;
v0x55b29b4ce060_250 .array/port v0x55b29b4ce060, 250;
E_0x55b29b4cd650/62 .event anyedge, v0x55b29b4ce060_247, v0x55b29b4ce060_248, v0x55b29b4ce060_249, v0x55b29b4ce060_250;
v0x55b29b4ce060_251 .array/port v0x55b29b4ce060, 251;
v0x55b29b4ce060_252 .array/port v0x55b29b4ce060, 252;
v0x55b29b4ce060_253 .array/port v0x55b29b4ce060, 253;
v0x55b29b4ce060_254 .array/port v0x55b29b4ce060, 254;
E_0x55b29b4cd650/63 .event anyedge, v0x55b29b4ce060_251, v0x55b29b4ce060_252, v0x55b29b4ce060_253, v0x55b29b4ce060_254;
v0x55b29b4ce060_255 .array/port v0x55b29b4ce060, 255;
E_0x55b29b4cd650/64 .event anyedge, v0x55b29b4ce060_255;
E_0x55b29b4cd650 .event/or E_0x55b29b4cd650/0, E_0x55b29b4cd650/1, E_0x55b29b4cd650/2, E_0x55b29b4cd650/3, E_0x55b29b4cd650/4, E_0x55b29b4cd650/5, E_0x55b29b4cd650/6, E_0x55b29b4cd650/7, E_0x55b29b4cd650/8, E_0x55b29b4cd650/9, E_0x55b29b4cd650/10, E_0x55b29b4cd650/11, E_0x55b29b4cd650/12, E_0x55b29b4cd650/13, E_0x55b29b4cd650/14, E_0x55b29b4cd650/15, E_0x55b29b4cd650/16, E_0x55b29b4cd650/17, E_0x55b29b4cd650/18, E_0x55b29b4cd650/19, E_0x55b29b4cd650/20, E_0x55b29b4cd650/21, E_0x55b29b4cd650/22, E_0x55b29b4cd650/23, E_0x55b29b4cd650/24, E_0x55b29b4cd650/25, E_0x55b29b4cd650/26, E_0x55b29b4cd650/27, E_0x55b29b4cd650/28, E_0x55b29b4cd650/29, E_0x55b29b4cd650/30, E_0x55b29b4cd650/31, E_0x55b29b4cd650/32, E_0x55b29b4cd650/33, E_0x55b29b4cd650/34, E_0x55b29b4cd650/35, E_0x55b29b4cd650/36, E_0x55b29b4cd650/37, E_0x55b29b4cd650/38, E_0x55b29b4cd650/39, E_0x55b29b4cd650/40, E_0x55b29b4cd650/41, E_0x55b29b4cd650/42, E_0x55b29b4cd650/43, E_0x55b29b4cd650/44, E_0x55b29b4cd650/45, E_0x55b29b4cd650/46, E_0x55b29b4cd650/47, E_0x55b29b4cd650/48, E_0x55b29b4cd650/49, E_0x55b29b4cd650/50, E_0x55b29b4cd650/51, E_0x55b29b4cd650/52, E_0x55b29b4cd650/53, E_0x55b29b4cd650/54, E_0x55b29b4cd650/55, E_0x55b29b4cd650/56, E_0x55b29b4cd650/57, E_0x55b29b4cd650/58, E_0x55b29b4cd650/59, E_0x55b29b4cd650/60, E_0x55b29b4cd650/61, E_0x55b29b4cd650/62, E_0x55b29b4cd650/63, E_0x55b29b4cd650/64;
L_0x55b29b4dbc40 .part v0x55b29b4d0910_0, 7, 1;
S_0x55b29b4d0a70 .scope module, "inv" "Mux2" 5 80, 15 1 0, S_0x55b29b4c9060;
 .timescale 0 0;
    .port_info 0 /INPUT 8 "entrada1";
    .port_info 1 /INPUT 8 "entrada2";
    .port_info 2 /INPUT 1 "OPcontrole";
    .port_info 3 /OUTPUT 8 "Saida";
v0x55b29b4d0cb0_0 .net "OPcontrole", 0 0, L_0x55b29b4dbfa0;  1 drivers
v0x55b29b4d0d90_0 .var "Saida", 7 0;
v0x55b29b4d0e70_0 .net "entrada1", 7 0, L_0x55b29b4dbdd0;  1 drivers
v0x55b29b4d0f30_0 .net "entrada2", 7 0, L_0x55b29b4dbd30;  alias, 1 drivers
E_0x55b29b4d0c50 .event anyedge, v0x55b29b4d0cb0_0, v0x55b29b4d0f30_0, v0x55b29b4d0e70_0;
S_0x55b29b4d10c0 .scope module, "m2f" "Mux2fixa1" 5 63, 16 1 0, S_0x55b29b4c9060;
 .timescale 0 0;
    .port_info 0 /INPUT 8 "entrada1";
    .port_info 1 /INPUT 1 "OPcontrole";
    .port_info 2 /OUTPUT 8 "Saida";
v0x55b29b4d1390_0 .net "OPcontrole", 0 0, v0x55b29b4cbb00_0;  alias, 1 drivers
v0x55b29b4d14a0_0 .var "Saida", 7 0;
v0x55b29b4d1580_0 .net "entrada1", 7 0, v0x55b29b4d69c0_0;  alias, 1 drivers
E_0x55b29b4d1310 .event anyedge, v0x55b29b4caa90_0, v0x55b29b4d1580_0;
S_0x55b29b4d16c0 .scope module, "o2mpc" "portaOr2" 5 55, 17 1 0, S_0x55b29b4c9060;
 .timescale 0 0;
    .port_info 0 /INPUT 1 "entrada1";
    .port_info 1 /INPUT 1 "entrada2";
    .port_info 2 /OUTPUT 1 "Saida";
L_0x55b29b4db580 .functor OR 1, v0x55b29b4cc010_0, L_0x55b29b4dadd0, C4<0>, C4<0>;
v0x55b29b4d18f0_0 .net "Saida", 0 0, L_0x55b29b4db580;  alias, 1 drivers
v0x55b29b4d19d0_0 .net "entrada1", 0 0, v0x55b29b4cc010_0;  alias, 1 drivers
v0x55b29b4d1a90_0 .net "entrada2", 0 0, L_0x55b29b4dadd0;  alias, 1 drivers
S_0x55b29b4d1b90 .scope module, "or3" "portaOr3" 5 68, 18 1 0, S_0x55b29b4c9060;
 .timescale 0 0;
    .port_info 0 /INPUT 1 "entrada1";
    .port_info 1 /INPUT 1 "entrada2";
    .port_info 2 /INPUT 1 "entrada3";
    .port_info 3 /OUTPUT 1 "Saida";
    .port_info 4 /INPUT 1 "Clock";
L_0x55b29b4db680 .functor OR 1, L_0x55b29b4db760, L_0x55b29b4db860, C4<0>, C4<0>;
L_0x55b29b4db6f0 .functor OR 1, L_0x55b29b4db680, L_0x55b29b4db900, C4<0>, C4<0>;
v0x55b29b4d1e20_0 .net "Clock", 0 0, v0x55b29b4da4a0_0;  alias, 1 drivers
v0x55b29b4d1f50_0 .net "Saida", 0 0, L_0x55b29b4db6f0;  alias, 1 drivers
v0x55b29b4d2010_0 .net *"_ivl_0", 0 0, L_0x55b29b4db680;  1 drivers
v0x55b29b4d2100_0 .net "entrada1", 0 0, L_0x55b29b4db760;  1 drivers
v0x55b29b4d21c0_0 .net "entrada2", 0 0, L_0x55b29b4db860;  1 drivers
v0x55b29b4d2280_0 .net "entrada3", 0 0, L_0x55b29b4db900;  1 drivers
S_0x55b29b4d23e0 .scope module, "pc" "PC" 5 27, 19 1 0, S_0x55b29b4c9060;
 .timescale 0 0;
    .port_info 0 /INPUT 8 "Entrada";
    .port_info 1 /OUTPUT 8 "Saida_instrucaco";
    .port_info 2 /OUTPUT 8 "Saida_reg_pc";
    .port_info 3 /INPUT 1 "Clock";
v0x55b29b4d26b0_0 .net "Clock", 0 0, v0x55b29b4da4a0_0;  alias, 1 drivers
v0x55b29b4d2770_0 .net "Entrada", 7 0, v0x55b29b4d3660_0;  alias, 1 drivers
v0x55b29b4d2850_0 .var "PC_memo", 7 0;
v0x55b29b4d2940_0 .var "Saida_instrucaco", 7 0;
v0x55b29b4d2a30_0 .var "Saida_reg_pc", 7 0;
E_0x55b29b4d2630 .event anyedge, v0x55b29b4d2850_0;
S_0x55b29b4d2bb0 .scope module, "pre1_pc" "Mux2" 5 51, 15 1 0, S_0x55b29b4c9060;
 .timescale 0 0;
    .port_info 0 /INPUT 8 "entrada1";
    .port_info 1 /INPUT 8 "entrada2";
    .port_info 2 /INPUT 1 "OPcontrole";
    .port_info 3 /OUTPUT 8 "Saida";
v0x55b29b4d2e80_0 .net "OPcontrole", 0 0, L_0x55b29b4db4e0;  1 drivers
v0x55b29b4d2f60_0 .var "Saida", 7 0;
v0x55b29b4d3040_0 .net "entrada1", 7 0, L_0x55b29b4dad30;  alias, 1 drivers
v0x55b29b4d3130_0 .net "entrada2", 7 0, v0x55b29b4c9dc0_0;  alias, 1 drivers
E_0x55b29b4d2e00 .event anyedge, v0x55b29b4d2e80_0, v0x55b29b4c8b30_0, v0x55b29b4d3040_0;
S_0x55b29b4d32a0 .scope module, "pre2_pc" "Mux2" 5 57, 15 1 0, S_0x55b29b4c9060;
 .timescale 0 0;
    .port_info 0 /INPUT 8 "entrada1";
    .port_info 1 /INPUT 8 "entrada2";
    .port_info 2 /INPUT 1 "OPcontrole";
    .port_info 3 /OUTPUT 8 "Saida";
v0x55b29b4d3570_0 .net "OPcontrole", 0 0, L_0x55b29b4db580;  alias, 1 drivers
v0x55b29b4d3660_0 .var "Saida", 7 0;
v0x55b29b4d3730_0 .net "entrada1", 7 0, v0x55b29b4d5c50_0;  alias, 1 drivers
v0x55b29b4d3800_0 .net "entrada2", 7 0, v0x55b29b4d2f60_0;  alias, 1 drivers
E_0x55b29b4d34f0 .event anyedge, v0x55b29b4d18f0_0, v0x55b29b4d2f60_0, v0x55b29b4d3730_0;
S_0x55b29b4d3980 .scope module, "pre_inv" "Mux2" 5 76, 15 1 0, S_0x55b29b4c9060;
 .timescale 0 0;
    .port_info 0 /INPUT 8 "entrada1";
    .port_info 1 /INPUT 8 "entrada2";
    .port_info 2 /INPUT 1 "OPcontrole";
    .port_info 3 /OUTPUT 8 "Saida";
v0x55b29b4d3d60_0 .net "OPcontrole", 0 0, L_0x55b29b4dbc40;  1 drivers
v0x55b29b4d3e40_0 .var "Saida", 7 0;
v0x55b29b4d3f20_0 .net "entrada1", 7 0, v0x55b29b4d4c50_0;  alias, 1 drivers
v0x55b29b4d4010_0 .net "entrada2", 7 0, L_0x55b29b4dba60;  alias, 1 drivers
E_0x55b29b4d3ce0 .event anyedge, v0x55b29b4d3d60_0, v0x55b29b4ca570_0, v0x55b29b4d3f20_0;
S_0x55b29b4d4190 .scope module, "rDest" "MuxReg" 5 46, 20 1 0, S_0x55b29b4c9060;
 .timescale 0 0;
    .port_info 0 /INPUT 3 "entrada1";
    .port_info 1 /INPUT 3 "entrada2";
    .port_info 2 /INPUT 1 "OPcontrole";
    .port_info 3 /OUTPUT 3 "Saida";
v0x55b29b4d4460_0 .net "OPcontrole", 0 0, L_0x55b29b4db350;  1 drivers
v0x55b29b4d4540_0 .var "Saida", 2 0;
v0x55b29b4d4630_0 .net "entrada1", 2 0, L_0x55b29b4db0a0;  alias, 1 drivers
v0x55b29b4d4750_0 .net "entrada2", 2 0, L_0x55b29b4db270;  1 drivers
E_0x55b29b4d43e0 .event anyedge, v0x55b29b4d4460_0, v0x55b29b4d4750_0, v0x55b29b4c9c00_0;
S_0x55b29b4d4890 .scope module, "res" "Mux2" 5 72, 15 1 0, S_0x55b29b4c9060;
 .timescale 0 0;
    .port_info 0 /INPUT 8 "entrada1";
    .port_info 1 /INPUT 8 "entrada2";
    .port_info 2 /INPUT 1 "OPcontrole";
    .port_info 3 /OUTPUT 8 "Saida";
v0x55b29b4d4b60_0 .net "OPcontrole", 0 0, L_0x55b29b4db6f0;  alias, 1 drivers
v0x55b29b4d4c50_0 .var "Saida", 7 0;
v0x55b29b4d4d20_0 .net "entrada1", 7 0, v0x55b29b4c8ec0_0;  alias, 1 drivers
v0x55b29b4d4e20_0 .net "entrada2", 7 0, v0x55b29b4d77f0_0;  alias, 1 drivers
E_0x55b29b4d4ae0 .event anyedge, v0x55b29b4d1f50_0, v0x55b29b4d4e20_0, v0x55b29b4c8ec0_0;
S_0x55b29b4d4f70 .scope module, "s1s3" "Soma1bitSai3" 5 41, 21 1 0, S_0x55b29b4c9060;
 .timescale 0 0;
    .port_info 0 /INPUT 3 "entrada";
    .port_info 1 /OUTPUT 3 "Saida";
v0x55b29b4d51b0_0 .net "Saida", 2 0, L_0x55b29b4daf60;  alias, 1 drivers
L_0x7fdfe91d2060 .functor BUFT 1, C4<001>, C4<0>, C4<0>, C4<0>;
v0x55b29b4d5290_0 .net/2u *"_ivl_0", 2 0, L_0x7fdfe91d2060;  1 drivers
v0x55b29b4d5350_0 .net "entrada", 2 0, L_0x55b29b4db000;  1 drivers
L_0x55b29b4daf60 .arith/sum 3, L_0x55b29b4db000, L_0x7fdfe91d2060;
S_0x55b29b4d54a0 .scope module, "sf" "SomaFixa" 5 78, 22 1 0, S_0x55b29b4c9060;
 .timescale 0 0;
    .port_info 0 /INPUT 8 "entrada";
    .port_info 1 /OUTPUT 8 "Saida";
v0x55b29b4d56c0_0 .net "Saida", 7 0, L_0x55b29b4dbd30;  alias, 1 drivers
L_0x7fdfe91d2138 .functor BUFT 1, C4<10000000>, C4<0>, C4<0>, C4<0>;
v0x55b29b4d57d0_0 .net/2u *"_ivl_0", 7 0, L_0x7fdfe91d2138;  1 drivers
v0x55b29b4d5890_0 .net "entrada", 7 0, v0x55b29b4c9dc0_0;  alias, 1 drivers
L_0x55b29b4dbd30 .arith/sum 8, v0x55b29b4c9dc0_0, L_0x7fdfe91d2138;
S_0x55b29b4d59c0 .scope module, "soma" "Soma1bit" 5 35, 23 1 0, S_0x55b29b4c9060;
 .timescale 0 0;
    .port_info 0 /INPUT 8 "entrada1";
    .port_info 1 /INPUT 1 "entrada2";
    .port_info 2 /OUTPUT 8 "Saida";
    .port_info 3 /INPUT 1 "clock";
v0x55b29b4d5c50_0 .var "Saida", 7 0;
v0x55b29b4d5d60_0 .net "clock", 0 0, v0x55b29b4da4a0_0;  alias, 1 drivers
v0x55b29b4d5e00_0 .net "entrada1", 7 0, v0x55b29b4d2940_0;  alias, 1 drivers
v0x55b29b4d5f20_0 .net "entrada2", 0 0, L_0x55b29b4dab40;  1 drivers
E_0x55b29b4d5bf0 .event anyedge, v0x55b29b4c89b0_0;
S_0x55b29b4d6040 .scope module, "soma2" "Soma2num" 5 39, 24 1 0, S_0x55b29b4c9060;
 .timescale 0 0;
    .port_info 0 /INPUT 8 "entrada1";
    .port_info 1 /INPUT 8 "entrada2";
    .port_info 2 /OUTPUT 8 "Saida";
v0x55b29b4d6290_0 .net "Saida", 7 0, L_0x55b29b4dad30;  alias, 1 drivers
v0x55b29b4d6370_0 .net "entrada1", 7 0, v0x55b29b4cc910_0;  alias, 1 drivers
v0x55b29b4d6440_0 .net "entrada2", 7 0, v0x55b29b4d5c50_0;  alias, 1 drivers
L_0x55b29b4dad30 .arith/sum 8, v0x55b29b4cc910_0, v0x55b29b4d5c50_0;
S_0x55b29b4d65c0 .scope module, "sup" "Mux3" 5 59, 13 1 0, S_0x55b29b4c9060;
 .timescale 0 0;
    .port_info 0 /INPUT 8 "entrada1";
    .port_info 1 /INPUT 8 "entrada2";
    .port_info 2 /INPUT 8 "entrada3";
    .port_info 3 /INPUT 2 "OPcontrole";
    .port_info 4 /OUTPUT 8 "Saida";
v0x55b29b4d6890_0 .net "OPcontrole", 1 0, v0x55b29b4cbe80_0;  alias, 1 drivers
v0x55b29b4d69c0_0 .var "Saida", 7 0;
v0x55b29b4d6a80_0 .net "entrada1", 7 0, v0x55b29b4cc910_0;  alias, 1 drivers
v0x55b29b4d6ba0_0 .net "entrada2", 7 0, v0x55b29b4c9f20_0;  alias, 1 drivers
v0x55b29b4d6c40_0 .net "entrada3", 7 0, v0x55b29b4c9dc0_0;  alias, 1 drivers
E_0x55b29b4d6820 .event anyedge, v0x55b29b4cbe80_0, v0x55b29b4c8b30_0, v0x55b29b4c9f20_0, v0x55b29b4cc910_0;
S_0x55b29b4d6dd0 .scope module, "to_breg" "Mux2" 5 84, 15 1 0, S_0x55b29b4c9060;
 .timescale 0 0;
    .port_info 0 /INPUT 8 "entrada1";
    .port_info 1 /INPUT 8 "entrada2";
    .port_info 2 /INPUT 1 "OPcontrole";
    .port_info 3 /OUTPUT 8 "Saida";
v0x55b29b4d70a0_0 .net "OPcontrole", 0 0, L_0x55b29b4dc0c0;  alias, 1 drivers
v0x55b29b4d7190_0 .var "Saida", 7 0;
v0x55b29b4d7260_0 .net "entrada1", 7 0, v0x55b29b4d3e40_0;  alias, 1 drivers
v0x55b29b4d7360_0 .net "entrada2", 7 0, v0x55b29b4d0d90_0;  alias, 1 drivers
E_0x55b29b4d7020 .event anyedge, v0x55b29b4caeb0_0, v0x55b29b4d0d90_0, v0x55b29b4d3e40_0;
S_0x55b29b4d74a0 .scope module, "ula" "ULA" 5 66, 25 2 0, S_0x55b29b4c9060;
 .timescale 0 0;
    .port_info 0 /INPUT 8 "entrada1";
    .port_info 1 /INPUT 8 "entrada2";
    .port_info 2 /INPUT 2 "ULAop";
    .port_info 3 /OUTPUT 1 "Zero";
    .port_info 4 /OUTPUT 8 "Resultado";
    .port_info 5 /INPUT 1 "clock";
v0x55b29b4d77f0_0 .var "Resultado", 7 0;
v0x55b29b4d78d0_0 .net "ULAop", 1 0, v0x55b29b4cc230_0;  alias, 1 drivers
v0x55b29b4d79a0_0 .var "Zero", 0 0;
v0x55b29b4d7aa0_0 .net "clock", 0 0, v0x55b29b4da4a0_0;  alias, 1 drivers
v0x55b29b4d7b40_0 .net "entrada1", 7 0, v0x55b29b4d14a0_0;  alias, 1 drivers
v0x55b29b4d7c30_0 .net "entrada2", 7 0, v0x55b29b4ccf20_0;  alias, 1 drivers
E_0x55b29b4d7760 .event anyedge, v0x55b29b4cc230_0, v0x55b29b4ccf20_0, v0x55b29b4d14a0_0, v0x55b29b4d4e20_0;
    .scope S_0x55b29b4d23e0;
T_0 ;
    %pushi/vec4 0, 0, 8;
    %store/vec4 v0x55b29b4d2850_0, 0, 8;
    %pushi/vec4 0, 0, 8;
    %store/vec4 v0x55b29b4d2a30_0, 0, 8;
    %pushi/vec4 0, 0, 8;
    %store/vec4 v0x55b29b4d2940_0, 0, 8;
    %end;
    .thread T_0;
    .scope S_0x55b29b4d23e0;
T_1 ;
    %wait E_0x55b29b4d2630;
    %load/vec4 v0x55b29b4d2850_0;
    %store/vec4 v0x55b29b4d2940_0, 0, 8;
    %load/vec4 v0x55b29b4d2850_0;
    %store/vec4 v0x55b29b4d2a30_0, 0, 8;
    %jmp T_1;
    .thread T_1, $push;
    .scope S_0x55b29b4d23e0;
T_2 ;
    %wait E_0x55b29b444950;
    %load/vec4 v0x55b29b4d2770_0;
    %store/vec4 v0x55b29b4d2850_0, 0, 8;
    %jmp T_2;
    .thread T_2;
    .scope S_0x55b29b4cd3c0;
T_3 ;
    %pushi/vec4 141, 0, 8;
    %ix/load 4, 0, 0;
    %flag_set/imm 4, 0;
    %store/vec4a v0x55b29b4ce060, 4, 0;
    %pushi/vec4 137, 0, 8;
    %ix/load 4, 1, 0;
    %flag_set/imm 4, 0;
    %store/vec4a v0x55b29b4ce060, 4, 0;
    %pushi/vec4 129, 0, 8;
    %ix/load 4, 2, 0;
    %flag_set/imm 4, 0;
    %store/vec4a v0x55b29b4ce060, 4, 0;
    %pushi/vec4 133, 0, 8;
    %ix/load 4, 3, 0;
    %flag_set/imm 4, 0;
    %store/vec4a v0x55b29b4ce060, 4, 0;
    %pushi/vec4 100, 0, 8;
    %ix/load 4, 4, 0;
    %flag_set/imm 4, 0;
    %store/vec4a v0x55b29b4ce060, 4, 0;
    %pushi/vec4 97, 0, 8;
    %ix/load 4, 5, 0;
    %flag_set/imm 4, 0;
    %store/vec4a v0x55b29b4ce060, 4, 0;
    %pushi/vec4 83, 0, 8;
    %ix/load 4, 6, 0;
    %flag_set/imm 4, 0;
    %store/vec4a v0x55b29b4ce060, 4, 0;
    %pushi/vec4 111, 0, 8;
    %ix/load 4, 7, 0;
    %flag_set/imm 4, 0;
    %store/vec4a v0x55b29b4ce060, 4, 0;
    %pushi/vec4 167, 0, 8;
    %ix/load 4, 8, 0;
    %flag_set/imm 4, 0;
    %store/vec4a v0x55b29b4ce060, 4, 0;
    %pushi/vec4 141, 0, 8;
    %ix/load 4, 9, 0;
    %flag_set/imm 4, 0;
    %store/vec4a v0x55b29b4ce060, 4, 0;
    %pushi/vec4 238, 0, 8;
    %ix/load 4, 10, 0;
    %flag_set/imm 4, 0;
    %store/vec4a v0x55b29b4ce060, 4, 0;
    %pushi/vec4 66, 0, 8;
    %ix/load 4, 11, 0;
    %flag_set/imm 4, 0;
    %store/vec4a v0x55b29b4ce060, 4, 0;
    %pushi/vec4 74, 0, 8;
    %ix/load 4, 12, 0;
    %flag_set/imm 4, 0;
    %store/vec4a v0x55b29b4ce060, 4, 0;
    %pushi/vec4 233, 0, 8;
    %ix/load 4, 13, 0;
    %flag_set/imm 4, 0;
    %store/vec4a v0x55b29b4ce060, 4, 0;
    %pushi/vec4 38, 0, 8;
    %ix/load 4, 14, 0;
    %flag_set/imm 4, 0;
    %store/vec4a v0x55b29b4ce060, 4, 0;
    %pushi/vec4 64, 0, 8;
    %ix/load 4, 15, 0;
    %flag_set/imm 4, 0;
    %store/vec4a v0x55b29b4ce060, 4, 0;
    %pushi/vec4 206, 0, 8;
    %ix/load 4, 16, 0;
    %flag_set/imm 4, 0;
    %store/vec4a v0x55b29b4ce060, 4, 0;
    %pushi/vec4 65, 0, 8;
    %ix/load 4, 17, 0;
    %flag_set/imm 4, 0;
    %store/vec4a v0x55b29b4ce060, 4, 0;
    %pushi/vec4 18, 0, 8;
    %ix/load 4, 18, 0;
    %flag_set/imm 4, 0;
    %store/vec4a v0x55b29b4ce060, 4, 0;
    %pushi/vec4 235, 0, 8;
    %ix/load 4, 19, 0;
    %flag_set/imm 4, 0;
    %store/vec4a v0x55b29b4ce060, 4, 0;
    %pushi/vec4 66, 0, 8;
    %ix/load 4, 20, 0;
    %flag_set/imm 4, 0;
    %store/vec4a v0x55b29b4ce060, 4, 0;
    %pushi/vec4 224, 0, 8;
    %ix/load 4, 21, 0;
    %flag_set/imm 4, 0;
    %store/vec4a v0x55b29b4ce060, 4, 0;
    %end;
    .thread T_3;
    .scope S_0x55b29b4cd3c0;
T_4 ;
    %wait E_0x55b29b4cd650;
    %load/vec4 v0x55b29b4cdf80_0;
    %pad/u 10;
    %ix/vec4 4;
    %load/vec4a v0x55b29b4ce060, 4;
    %store/vec4 v0x55b29b4d0910_0, 0, 8;
    %jmp T_4;
    .thread T_4, $push;
    .scope S_0x55b29b4cb8c0;
T_5 ;
    %pushi/vec4 0, 0, 4;
    %store/vec4 v0x55b29b4cc3b0_0, 0, 4;
    %pushi/vec4 0, 0, 1;
    %store/vec4 v0x55b29b4cbcb0_0, 0, 1;
    %pushi/vec4 0, 0, 1;
    %store/vec4 v0x55b29b4cc0d0_0, 0, 1;
    %pushi/vec4 0, 0, 1;
    %store/vec4 v0x55b29b4cc010_0, 0, 1;
    %pushi/vec4 0, 0, 1;
    %store/vec4 v0x55b29b4cbf70_0, 0, 1;
    %pushi/vec4 0, 0, 2;
    %store/vec4 v0x55b29b4cc230_0, 0, 2;
    %pushi/vec4 0, 0, 2;
    %store/vec4 v0x55b29b4cbe80_0, 0, 2;
    %pushi/vec4 0, 0, 1;
    %store/vec4 v0x55b29b4cbb00_0, 0, 1;
    %pushi/vec4 0, 0, 1;
    %store/vec4 v0x55b29b4cbdb0_0, 0, 1;
    %end;
    .thread T_5;
    .scope S_0x55b29b4cb8c0;
T_6 ;
    %wait E_0x55b29b4cbaa0;
    %pushi/vec4 0, 0, 4;
    %store/vec4 v0x55b29b4cc3b0_0, 0, 4;
    %pushi/vec4 0, 0, 1;
    %store/vec4 v0x55b29b4cbcb0_0, 0, 1;
    %pushi/vec4 0, 0, 1;
    %store/vec4 v0x55b29b4cc0d0_0, 0, 1;
    %pushi/vec4 0, 0, 1;
    %store/vec4 v0x55b29b4cc010_0, 0, 1;
    %pushi/vec4 1, 0, 1;
    %store/vec4 v0x55b29b4cbf70_0, 0, 1;
    %pushi/vec4 0, 0, 2;
    %store/vec4 v0x55b29b4cc230_0, 0, 2;
    %pushi/vec4 0, 0, 2;
    %store/vec4 v0x55b29b4cbe80_0, 0, 2;
    %pushi/vec4 0, 0, 1;
    %store/vec4 v0x55b29b4cbb00_0, 0, 1;
    %pushi/vec4 0, 0, 1;
    %store/vec4 v0x55b29b4cbdb0_0, 0, 1;
    %load/vec4 v0x55b29b4cc170_0;
    %cmpi/e 0, 0, 3;
    %jmp/0xz  T_6.0, 4;
    %pushi/vec4 1, 0, 1;
    %store/vec4 v0x55b29b4cc0d0_0, 0, 1;
    %pushi/vec4 1, 0, 1;
    %store/vec4 v0x55b29b4cbdb0_0, 0, 1;
    %pushi/vec4 0, 0, 1;
    %store/vec4 v0x55b29b4cbf70_0, 0, 1;
T_6.0 ;
    %load/vec4 v0x55b29b4cc170_0;
    %cmpi/e 5, 0, 3;
    %jmp/0xz  T_6.2, 4;
    %pushi/vec4 1, 0, 1;
    %store/vec4 v0x55b29b4cbcb0_0, 0, 1;
    %pushi/vec4 0, 0, 1;
    %store/vec4 v0x55b29b4cbf70_0, 0, 1;
T_6.2 ;
    %load/vec4 v0x55b29b4cc170_0;
    %cmpi/e 2, 0, 3;
    %jmp/0xz  T_6.4, 4;
    %pushi/vec4 1, 0, 1;
    %store/vec4 v0x55b29b4cbdb0_0, 0, 1;
    %pushi/vec4 1, 0, 2;
    %store/vec4 v0x55b29b4cbe80_0, 0, 2;
    %pushi/vec4 0, 0, 1;
    %store/vec4 v0x55b29b4cbf70_0, 0, 1;
T_6.4 ;
    %load/vec4 v0x55b29b4cc170_0;
    %cmpi/e 3, 0, 3;
    %jmp/0xz  T_6.6, 4;
    %pushi/vec4 1, 0, 1;
    %store/vec4 v0x55b29b4cbdb0_0, 0, 1;
    %pushi/vec4 0, 0, 1;
    %store/vec4 v0x55b29b4cbf70_0, 0, 1;
T_6.6 ;
    %load/vec4 v0x55b29b4cc170_0;
    %cmpi/e 4, 0, 3;
    %jmp/0xz  T_6.8, 4;
    %pushi/vec4 1, 0, 1;
    %store/vec4 v0x55b29b4cbdb0_0, 0, 1;
    %pushi/vec4 2, 0, 2;
    %store/vec4 v0x55b29b4cc230_0, 0, 2;
    %pushi/vec4 0, 0, 1;
    %store/vec4 v0x55b29b4cbf70_0, 0, 1;
T_6.8 ;
    %load/vec4 v0x55b29b4cc170_0;
    %cmpi/e 1, 0, 3;
    %jmp/0xz  T_6.10, 4;
    %pushi/vec4 1, 0, 1;
    %store/vec4 v0x55b29b4cbdb0_0, 0, 1;
    %pushi/vec4 2, 0, 2;
    %store/vec4 v0x55b29b4cbe80_0, 0, 2;
    %pushi/vec4 1, 0, 2;
    %store/vec4 v0x55b29b4cc230_0, 0, 2;
    %pushi/vec4 0, 0, 1;
    %store/vec4 v0x55b29b4cbf70_0, 0, 1;
T_6.10 ;
    %load/vec4 v0x55b29b4cc170_0;
    %cmpi/e 6, 0, 3;
    %jmp/0xz  T_6.12, 4;
    %pushi/vec4 1, 0, 1;
    %store/vec4 v0x55b29b4cbdb0_0, 0, 1;
    %pushi/vec4 1, 0, 1;
    %store/vec4 v0x55b29b4cbb00_0, 0, 1;
    %pushi/vec4 0, 0, 1;
    %store/vec4 v0x55b29b4cbf70_0, 0, 1;
T_6.12 ;
    %load/vec4 v0x55b29b4cc170_0;
    %cmpi/e 7, 0, 3;
    %jmp/0xz  T_6.14, 4;
    %load/vec4 v0x55b29b4cbbf0_0;
    %cmpi/e 0, 0, 2;
    %jmp/0xz  T_6.16, 4;
    %pushi/vec4 1, 0, 1;
    %store/vec4 v0x55b29b4cbf70_0, 0, 1;
T_6.16 ;
    %load/vec4 v0x55b29b4cbbf0_0;
    %cmpi/e 1, 0, 2;
    %jmp/0xz  T_6.18, 4;
    %pushi/vec4 1, 0, 1;
    %store/vec4 v0x55b29b4cbdb0_0, 0, 1;
    %pushi/vec4 0, 0, 1;
    %store/vec4 v0x55b29b4cbf70_0, 0, 1;
T_6.18 ;
    %load/vec4 v0x55b29b4cbbf0_0;
    %cmpi/e 2, 0, 2;
    %jmp/0xz  T_6.20, 4;
    %pushi/vec4 1, 0, 1;
    %store/vec4 v0x55b29b4cbdb0_0, 0, 1;
    %pushi/vec4 0, 0, 1;
    %store/vec4 v0x55b29b4cbf70_0, 0, 1;
T_6.20 ;
    %load/vec4 v0x55b29b4cbbf0_0;
    %cmpi/e 3, 0, 2;
    %jmp/0xz  T_6.22, 4;
    %pushi/vec4 1, 0, 1;
    %store/vec4 v0x55b29b4cc010_0, 0, 1;
    %pushi/vec4 0, 0, 1;
    %store/vec4 v0x55b29b4cbf70_0, 0, 1;
T_6.22 ;
T_6.14 ;
    %jmp T_6;
    .thread T_6, $push;
    .scope S_0x55b29b4d59c0;
T_7 ;
    %pushi/vec4 0, 0, 8;
    %store/vec4 v0x55b29b4d5c50_0, 0, 8;
    %end;
    .thread T_7;
    .scope S_0x55b29b4d59c0;
T_8 ;
    %wait E_0x55b29b4d5bf0;
    %load/vec4 v0x55b29b4d5e00_0;
    %load/vec4 v0x55b29b4d5f20_0;
    %pad/u 8;
    %add;
    %assign/vec4 v0x55b29b4d5c50_0, 0;
    %jmp T_8;
    .thread T_8, $push;
    .scope S_0x55b29b4cc650;
T_9 ;
    %wait E_0x55b29b4cc890;
    %load/vec4 v0x55b29b4cca10_0;
    %parti/s 1, 2, 3;
    %dup/vec4;
    %pushi/vec4 0, 0, 1;
    %cmp/u;
    %jmp/1 T_9.0, 6;
    %dup/vec4;
    %pushi/vec4 1, 0, 1;
    %cmp/u;
    %jmp/1 T_9.1, 6;
    %jmp T_9.2;
T_9.0 ;
    %pushi/vec4 0, 0, 5;
    %load/vec4 v0x55b29b4cca10_0;
    %concat/vec4; draw_concat_vec4
    %store/vec4 v0x55b29b4cc910_0, 0, 8;
    %jmp T_9.2;
T_9.1 ;
    %pushi/vec4 31, 0, 5;
    %load/vec4 v0x55b29b4cca10_0;
    %concat/vec4; draw_concat_vec4
    %store/vec4 v0x55b29b4cc910_0, 0, 8;
    %jmp T_9.2;
T_9.2 ;
    %pop/vec4 1;
    %jmp T_9;
    .thread T_9, $push;
    .scope S_0x55b29b4d4190;
T_10 ;
    %pushi/vec4 0, 0, 3;
    %store/vec4 v0x55b29b4d4540_0, 0, 3;
    %end;
    .thread T_10;
    .scope S_0x55b29b4d4190;
T_11 ;
    %wait E_0x55b29b4d43e0;
    %load/vec4 v0x55b29b4d4460_0;
    %dup/vec4;
    %pushi/vec4 0, 0, 1;
    %cmp/u;
    %jmp/1 T_11.0, 6;
    %dup/vec4;
    %pushi/vec4 1, 0, 1;
    %cmp/u;
    %jmp/1 T_11.1, 6;
    %jmp T_11.2;
T_11.0 ;
    %load/vec4 v0x55b29b4d4630_0;
    %assign/vec4 v0x55b29b4d4540_0, 0;
    %jmp T_11.2;
T_11.1 ;
    %load/vec4 v0x55b29b4d4750_0;
    %assign/vec4 v0x55b29b4d4540_0, 0;
    %jmp T_11.2;
T_11.2 ;
    %pop/vec4 1;
    %jmp T_11;
    .thread T_11, $push;
    .scope S_0x55b29b4c9300;
T_12 ;
    %pushi/vec4 0, 0, 32;
    %store/vec4 v0x55b29b4ca080_0, 0, 32;
    %pushi/vec4 0, 0, 32;
    %store/vec4 v0x55b29b4ca080_0, 0, 32;
T_12.0 ; Top of for-loop 
    %load/vec4 v0x55b29b4ca080_0;
    %cmpi/s 7, 0, 32;
    %flag_or 5, 4;
    %jmp/0xz T_12.1, 5;
    %pushi/vec4 0, 0, 8;
    %ix/getv/s 4, v0x55b29b4ca080_0;
    %store/vec4a v0x55b29b4c98c0, 4, 0;
T_12.2 ; for-loop step statement
    %load/vec4 v0x55b29b4ca080_0;
    %addi 1, 0, 32;
    %store/vec4 v0x55b29b4ca080_0, 0, 32;
    %jmp T_12.0;
T_12.1 ; for-loop exit label
    %pushi/vec4 0, 0, 8;
    %store/vec4 v0x55b29b4c9dc0_0, 0, 8;
    %pushi/vec4 0, 0, 8;
    %store/vec4 v0x55b29b4c9e80_0, 0, 8;
    %pushi/vec4 0, 0, 8;
    %store/vec4 v0x55b29b4c9f20_0, 0, 8;
    %end;
    .thread T_12;
    .scope S_0x55b29b4c9300;
T_13 ;
    %wait E_0x55b29b444950;
    %load/vec4 v0x55b29b4c9800_0;
    %flag_set/vec4 8;
    %jmp/0xz  T_13.0, 8;
    %load/vec4 v0x55b29b4c9560_0;
    %load/vec4 v0x55b29b4c9660_0;
    %pad/u 5;
    %ix/vec4 3;
    %ix/load 4, 0, 0; Constant delay
    %assign/vec4/a/d v0x55b29b4c98c0, 0, 4;
T_13.0 ;
    %load/vec4 v0x55b29b4c9740_0;
    %addi 1, 0, 8;
    %ix/load 3, 5, 0;
    %flag_set/imm 4, 0;
    %ix/load 4, 0, 0; Constant delay
    %assign/vec4/a/d v0x55b29b4c98c0, 0, 4;
    %jmp T_13;
    .thread T_13;
    .scope S_0x55b29b4c9300;
T_14 ;
    %wait E_0x55b29b4b45f0;
    %load/vec4 v0x55b29b4c9b20_0;
    %pad/u 5;
    %ix/vec4 4;
    %load/vec4a v0x55b29b4c98c0, 4;
    %store/vec4 v0x55b29b4c9dc0_0, 0, 8;
    %load/vec4 v0x55b29b4c9c00_0;
    %pad/u 5;
    %ix/vec4 4;
    %load/vec4a v0x55b29b4c98c0, 4;
    %store/vec4 v0x55b29b4c9e80_0, 0, 8;
    %load/vec4 v0x55b29b4c9ce0_0;
    %pad/u 5;
    %ix/vec4 4;
    %load/vec4a v0x55b29b4c98c0, 4;
    %store/vec4 v0x55b29b4c9f20_0, 0, 8;
    %jmp T_14;
    .thread T_14, $push;
    .scope S_0x55b29b4d2bb0;
T_15 ;
    %pushi/vec4 0, 0, 8;
    %store/vec4 v0x55b29b4d2f60_0, 0, 8;
    %end;
    .thread T_15;
    .scope S_0x55b29b4d2bb0;
T_16 ;
    %wait E_0x55b29b4d2e00;
    %load/vec4 v0x55b29b4d2e80_0;
    %dup/vec4;
    %pushi/vec4 0, 0, 1;
    %cmp/u;
    %jmp/1 T_16.0, 6;
    %dup/vec4;
    %pushi/vec4 1, 0, 1;
    %cmp/u;
    %jmp/1 T_16.1, 6;
    %jmp T_16.2;
T_16.0 ;
    %load/vec4 v0x55b29b4d3040_0;
    %assign/vec4 v0x55b29b4d2f60_0, 0;
    %jmp T_16.2;
T_16.1 ;
    %load/vec4 v0x55b29b4d3130_0;
    %assign/vec4 v0x55b29b4d2f60_0, 0;
    %jmp T_16.2;
T_16.2 ;
    %pop/vec4 1;
    %jmp T_16;
    .thread T_16, $push;
    .scope S_0x55b29b4d32a0;
T_17 ;
    %pushi/vec4 0, 0, 8;
    %store/vec4 v0x55b29b4d3660_0, 0, 8;
    %end;
    .thread T_17;
    .scope S_0x55b29b4d32a0;
T_18 ;
    %wait E_0x55b29b4d34f0;
    %load/vec4 v0x55b29b4d3570_0;
    %dup/vec4;
    %pushi/vec4 0, 0, 1;
    %cmp/u;
    %jmp/1 T_18.0, 6;
    %dup/vec4;
    %pushi/vec4 1, 0, 1;
    %cmp/u;
    %jmp/1 T_18.1, 6;
    %jmp T_18.2;
T_18.0 ;
    %load/vec4 v0x55b29b4d3730_0;
    %assign/vec4 v0x55b29b4d3660_0, 0;
    %jmp T_18.2;
T_18.1 ;
    %load/vec4 v0x55b29b4d3800_0;
    %assign/vec4 v0x55b29b4d3660_0, 0;
    %jmp T_18.2;
T_18.2 ;
    %pop/vec4 1;
    %jmp T_18;
    .thread T_18, $push;
    .scope S_0x55b29b4d65c0;
T_19 ;
    %pushi/vec4 0, 0, 8;
    %store/vec4 v0x55b29b4d69c0_0, 0, 8;
    %end;
    .thread T_19;
    .scope S_0x55b29b4d65c0;
T_20 ;
    %wait E_0x55b29b4d6820;
    %load/vec4 v0x55b29b4d6890_0;
    %dup/vec4;
    %pushi/vec4 0, 0, 2;
    %cmp/u;
    %jmp/1 T_20.0, 6;
    %dup/vec4;
    %pushi/vec4 1, 0, 2;
    %cmp/u;
    %jmp/1 T_20.1, 6;
    %dup/vec4;
    %pushi/vec4 2, 0, 2;
    %cmp/u;
    %jmp/1 T_20.2, 6;
    %jmp T_20.3;
T_20.0 ;
    %load/vec4 v0x55b29b4d6a80_0;
    %assign/vec4 v0x55b29b4d69c0_0, 0;
    %jmp T_20.3;
T_20.1 ;
    %load/vec4 v0x55b29b4d6ba0_0;
    %assign/vec4 v0x55b29b4d69c0_0, 0;
    %jmp T_20.3;
T_20.2 ;
    %load/vec4 v0x55b29b4d6c40_0;
    %assign/vec4 v0x55b29b4d69c0_0, 0;
    %jmp T_20.3;
T_20.3 ;
    %pop/vec4 1;
    %jmp T_20;
    .thread T_20, $push;
    .scope S_0x55b29b4ccb50;
T_21 ;
    %pushi/vec4 0, 0, 8;
    %store/vec4 v0x55b29b4ccf20_0, 0, 8;
    %end;
    .thread T_21;
    .scope S_0x55b29b4ccb50;
T_22 ;
    %wait E_0x55b29b4ccdb0;
    %load/vec4 v0x55b29b4cce10_0;
    %dup/vec4;
    %pushi/vec4 0, 0, 2;
    %cmp/u;
    %jmp/1 T_22.0, 6;
    %dup/vec4;
    %pushi/vec4 1, 0, 2;
    %cmp/u;
    %jmp/1 T_22.1, 6;
    %dup/vec4;
    %pushi/vec4 2, 0, 2;
    %cmp/u;
    %jmp/1 T_22.2, 6;
    %jmp T_22.3;
T_22.0 ;
    %load/vec4 v0x55b29b4ccfe0_0;
    %assign/vec4 v0x55b29b4ccf20_0, 0;
    %jmp T_22.3;
T_22.1 ;
    %load/vec4 v0x55b29b4cd100_0;
    %assign/vec4 v0x55b29b4ccf20_0, 0;
    %jmp T_22.3;
T_22.2 ;
    %load/vec4 v0x55b29b4cd210_0;
    %assign/vec4 v0x55b29b4ccf20_0, 0;
    %jmp T_22.3;
T_22.3 ;
    %pop/vec4 1;
    %jmp T_22;
    .thread T_22, $push;
    .scope S_0x55b29b4d10c0;
T_23 ;
    %pushi/vec4 0, 0, 8;
    %store/vec4 v0x55b29b4d14a0_0, 0, 8;
    %end;
    .thread T_23;
    .scope S_0x55b29b4d10c0;
T_24 ;
    %wait E_0x55b29b4d1310;
    %load/vec4 v0x55b29b4d1390_0;
    %dup/vec4;
    %pushi/vec4 0, 0, 1;
    %cmp/u;
    %jmp/1 T_24.0, 6;
    %dup/vec4;
    %pushi/vec4 1, 0, 1;
    %cmp/u;
    %jmp/1 T_24.1, 6;
    %jmp T_24.2;
T_24.0 ;
    %load/vec4 v0x55b29b4d1580_0;
    %store/vec4 v0x55b29b4d14a0_0, 0, 8;
    %jmp T_24.2;
T_24.1 ;
    %pushi/vec4 0, 0, 8;
    %store/vec4 v0x55b29b4d14a0_0, 0, 8;
    %jmp T_24.2;
T_24.2 ;
    %pop/vec4 1;
    %jmp T_24;
    .thread T_24, $push;
    .scope S_0x55b29b4d74a0;
T_25 ;
    %wait E_0x55b29b4d7760;
    %pushi/vec4 0, 0, 1;
    %store/vec4 v0x55b29b4d79a0_0, 0, 1;
    %load/vec4 v0x55b29b4d78d0_0;
    %cmpi/e 0, 0, 2;
    %jmp/0xz  T_25.0, 4;
    %load/vec4 v0x55b29b4d7c30_0;
    %load/vec4 v0x55b29b4d7b40_0;
    %add;
    %store/vec4 v0x55b29b4d77f0_0, 0, 8;
T_25.0 ;
    %load/vec4 v0x55b29b4d78d0_0;
    %cmpi/e 1, 0, 2;
    %jmp/0xz  T_25.2, 4;
    %load/vec4 v0x55b29b4d7b40_0;
    %load/vec4 v0x55b29b4d7c30_0;
    %cmp/u;
    %flag_get/vec4 5;
    %pad/u 8;
    %store/vec4 v0x55b29b4d77f0_0, 0, 8;
T_25.2 ;
    %load/vec4 v0x55b29b4d78d0_0;
    %cmpi/e 2, 0, 2;
    %jmp/0xz  T_25.4, 4;
    %load/vec4 v0x55b29b4d7b40_0;
    %load/vec4 v0x55b29b4d7c30_0;
    %and;
    %store/vec4 v0x55b29b4d77f0_0, 0, 8;
T_25.4 ;
    %load/vec4 v0x55b29b4d77f0_0;
    %cmpi/e 0, 0, 8;
    %jmp/0xz  T_25.6, 4;
    %pushi/vec4 1, 0, 1;
    %store/vec4 v0x55b29b4d79a0_0, 0, 1;
T_25.6 ;
    %jmp T_25;
    .thread T_25, $push;
    .scope S_0x55b29b4d4890;
T_26 ;
    %pushi/vec4 0, 0, 8;
    %store/vec4 v0x55b29b4d4c50_0, 0, 8;
    %end;
    .thread T_26;
    .scope S_0x55b29b4d4890;
T_27 ;
    %wait E_0x55b29b4d4ae0;
    %load/vec4 v0x55b29b4d4b60_0;
    %dup/vec4;
    %pushi/vec4 0, 0, 1;
    %cmp/u;
    %jmp/1 T_27.0, 6;
    %dup/vec4;
    %pushi/vec4 1, 0, 1;
    %cmp/u;
    %jmp/1 T_27.1, 6;
    %jmp T_27.2;
T_27.0 ;
    %load/vec4 v0x55b29b4d4d20_0;
    %assign/vec4 v0x55b29b4d4c50_0, 0;
    %jmp T_27.2;
T_27.1 ;
    %load/vec4 v0x55b29b4d4e20_0;
    %assign/vec4 v0x55b29b4d4c50_0, 0;
    %jmp T_27.2;
T_27.2 ;
    %pop/vec4 1;
    %jmp T_27;
    .thread T_27, $push;
    .scope S_0x55b29b4d3980;
T_28 ;
    %pushi/vec4 0, 0, 8;
    %store/vec4 v0x55b29b4d3e40_0, 0, 8;
    %end;
    .thread T_28;
    .scope S_0x55b29b4d3980;
T_29 ;
    %wait E_0x55b29b4d3ce0;
    %load/vec4 v0x55b29b4d3d60_0;
    %dup/vec4;
    %pushi/vec4 0, 0, 1;
    %cmp/u;
    %jmp/1 T_29.0, 6;
    %dup/vec4;
    %pushi/vec4 1, 0, 1;
    %cmp/u;
    %jmp/1 T_29.1, 6;
    %jmp T_29.2;
T_29.0 ;
    %load/vec4 v0x55b29b4d3f20_0;
    %assign/vec4 v0x55b29b4d3e40_0, 0;
    %jmp T_29.2;
T_29.1 ;
    %load/vec4 v0x55b29b4d4010_0;
    %assign/vec4 v0x55b29b4d3e40_0, 0;
    %jmp T_29.2;
T_29.2 ;
    %pop/vec4 1;
    %jmp T_29;
    .thread T_29, $push;
    .scope S_0x55b29b4d0a70;
T_30 ;
    %pushi/vec4 0, 0, 8;
    %store/vec4 v0x55b29b4d0d90_0, 0, 8;
    %end;
    .thread T_30;
    .scope S_0x55b29b4d0a70;
T_31 ;
    %wait E_0x55b29b4d0c50;
    %load/vec4 v0x55b29b4d0cb0_0;
    %dup/vec4;
    %pushi/vec4 0, 0, 1;
    %cmp/u;
    %jmp/1 T_31.0, 6;
    %dup/vec4;
    %pushi/vec4 1, 0, 1;
    %cmp/u;
    %jmp/1 T_31.1, 6;
    %jmp T_31.2;
T_31.0 ;
    %load/vec4 v0x55b29b4d0e70_0;
    %assign/vec4 v0x55b29b4d0d90_0, 0;
    %jmp T_31.2;
T_31.1 ;
    %load/vec4 v0x55b29b4d0f30_0;
    %assign/vec4 v0x55b29b4d0d90_0, 0;
    %jmp T_31.2;
T_31.2 ;
    %pop/vec4 1;
    %jmp T_31;
    .thread T_31, $push;
    .scope S_0x55b29b4d6dd0;
T_32 ;
    %pushi/vec4 0, 0, 8;
    %store/vec4 v0x55b29b4d7190_0, 0, 8;
    %end;
    .thread T_32;
    .scope S_0x55b29b4d6dd0;
T_33 ;
    %wait E_0x55b29b4d7020;
    %load/vec4 v0x55b29b4d70a0_0;
    %dup/vec4;
    %pushi/vec4 0, 0, 1;
    %cmp/u;
    %jmp/1 T_33.0, 6;
    %dup/vec4;
    %pushi/vec4 1, 0, 1;
    %cmp/u;
    %jmp/1 T_33.1, 6;
    %jmp T_33.2;
T_33.0 ;
    %load/vec4 v0x55b29b4d7260_0;
    %assign/vec4 v0x55b29b4d7190_0, 0;
    %jmp T_33.2;
T_33.1 ;
    %load/vec4 v0x55b29b4d7360_0;
    %assign/vec4 v0x55b29b4d7190_0, 0;
    %jmp T_33.2;
T_33.2 ;
    %pop/vec4 1;
    %jmp T_33;
    .thread T_33, $push;
    .scope S_0x55b29b4c55e0;
T_34 ;
    %pushi/vec4 0, 0, 32;
    %store/vec4 v0x55b29b4c8a70_0, 0, 32;
    %pushi/vec4 0, 0, 32;
    %store/vec4 v0x55b29b4c8a70_0, 0, 32;
T_34.0 ; Top of for-loop 
    %load/vec4 v0x55b29b4c8a70_0;
    %cmpi/s 255, 0, 32;
    %flag_or 5, 4;
    %jmp/0xz T_34.1, 5;
    %pushi/vec4 0, 0, 8;
    %ix/getv/s 4, v0x55b29b4c8a70_0;
    %store/vec4a v0x55b29b4c60c0, 4, 0;
T_34.2 ; for-loop step statement
    %load/vec4 v0x55b29b4c8a70_0;
    %addi 1, 0, 32;
    %store/vec4 v0x55b29b4c8a70_0, 0, 32;
    %jmp T_34.0;
T_34.1 ; for-loop exit label
    %end;
    .thread T_34;
    .scope S_0x55b29b4c55e0;
T_35 ;
    %wait E_0x55b29b444950;
    %load/vec4 v0x55b29b4c8d40_0;
    %flag_set/vec4 8;
    %jmp/0xz  T_35.0, 8;
    %load/vec4 v0x55b29b4c8c10_0;
    %load/vec4 v0x55b29b4c8b30_0;
    %pad/u 10;
    %ix/vec4 3;
    %ix/load 4, 0, 0; Constant delay
    %assign/vec4/a/d v0x55b29b4c60c0, 0, 4;
T_35.0 ;
    %jmp T_35;
    .thread T_35;
    .scope S_0x55b29b4c55e0;
T_36 ;
    %wait E_0x55b29b443810;
    %load/vec4 v0x55b29b4c8e00_0;
    %flag_set/vec4 8;
    %jmp/0xz  T_36.0, 8;
    %load/vec4 v0x55b29b4c8b30_0;
    %pad/u 10;
    %ix/vec4 4;
    %load/vec4a v0x55b29b4c60c0, 4;
    %store/vec4 v0x55b29b4c8ec0_0, 0, 8;
T_36.0 ;
    %jmp T_36;
    .thread T_36, $push;
    .scope S_0x55b29b49cc70;
T_37 ;
    %vpi_call 3 54 "$monitor", "PC = %d | REG1 = %d | REG2 = %d HALT =%b ", &A<v0x55b29b4c98c0, 5>, &A<v0x55b29b4c98c0, 0>, &A<v0x55b29b4c98c0, 1>, v0x55b29b4d8420_0 {0 0 0};
    %pushi/vec4 90, 0, 32;
T_37.0 %dup/vec4;
    %pushi/vec4 0, 0, 32;
    %cmp/s;
    %jmp/1xz T_37.1, 5;
    %jmp/1 T_37.1, 4;
    %pushi/vec4 1, 0, 32;
    %sub;
    %delay 50, 0;
    %pushi/vec4 0, 0, 1;
    %store/vec4 v0x55b29b4da4a0_0, 0, 1;
    %delay 50, 0;
    %pushi/vec4 1, 0, 1;
    %store/vec4 v0x55b29b4da4a0_0, 0, 1;
    %jmp T_37.0;
T_37.1 ;
    %pop/vec4 1;
    %end;
    .thread T_37;
# The file index is used to find the file name in the following table.
:file_names 26;
    "N/A";
    "<interactive>";
    "Concatena5Zeros.v";
    "testenrisc.v";
    "DataMEM.v";
    "nRisc.v";
    "BancoReg.v";
    "Concatena7Zeros.v";
    "portaAnd2.v";
    "portaAnd3.v";
    "Concatena1Zeros.v";
    "Controle2.v";
    "ExtendeSinal.v";
    "Mux3.v";
    "memo_instr.v";
    "Mux2.v";
    "Mux2fixa1.v";
    "portaOr2.v";
    "portaOr3.v";
    "PC.v";
    "MuxReg.v";
    "Soma1bitSai3.v";
    "SomaFixa.v";
    "Soma1bit.v";
    "Soma2num.v";
    "ULA.v";
